{"/home/travis/build/npmtest/node-npmtest-tar/test.js":{"path":"/home/travis/build/npmtest/node-npmtest-tar/test.js","s":{"1":2,"2":2,"3":2,"4":2,"5":2,"6":2,"7":2,"8":1,"9":2,"10":2,"11":1,"12":1,"13":1,"14":1,"15":2,"16":2,"17":2,"18":2,"19":1,"20":1,"21":2,"22":2,"23":2,"24":1,"25":1,"26":1,"27":1,"28":1,"29":1,"30":1,"31":1,"32":1,"33":1,"34":1,"35":1,"36":1,"37":1,"38":1,"39":2,"40":2,"41":1,"42":2,"43":2,"44":1,"45":2,"46":2,"47":1,"48":2,"49":2,"50":1,"51":1,"52":1,"53":1,"54":1},"b":{"1":[2,1,1,1],"2":[1,1,1,1],"3":[1,1],"4":[1,1],"5":[1,1],"6":[1,1],"7":[1,1],"8":[1,1],"9":[1,1],"10":[1,1,1],"11":[1,1],"12":[1,1],"13":[1,1],"14":[1,1],"15":[1,1],"16":[1,1],"17":[1,1]},"f":{"1":2,"2":2,"3":2,"4":2,"5":2,"6":1,"7":1,"8":1,"9":2,"10":2,"11":2,"12":2,"13":1},"fnMap":{"1":{"name":"(anonymous_1)","line":12,"loc":{"start":{"line":12,"column":1},"end":{"line":12,"column":13}}},"2":{"name":"(anonymous_2)","line":19,"loc":{"start":{"line":19,"column":5},"end":{"line":19,"column":17}}},"3":{"name":"(anonymous_3)","line":23,"loc":{"start":{"line":23,"column":24},"end":{"line":23,"column":36}}},"4":{"name":"(anonymous_4)","line":61,"loc":{"start":{"line":61,"column":5},"end":{"line":61,"column":17}}},"5":{"name":"(anonymous_5)","line":82,"loc":{"start":{"line":82,"column":5},"end":{"line":82,"column":17}}},"6":{"name":"(anonymous_6)","line":91,"loc":{"start":{"line":91,"column":77},"end":{"line":94,"column":10}}},"7":{"name":"(anonymous_7)","line":112,"loc":{"start":{"line":112,"column":83},"end":{"line":115,"column":10}},"skip":true},"8":{"name":"(anonymous_8)","line":123,"loc":{"start":{"line":123,"column":77},"end":{"line":126,"column":10}},"skip":true},"9":{"name":"(anonymous_9)","line":139,"loc":{"start":{"line":139,"column":12},"end":{"line":139,"column":40}},"skip":true},"10":{"name":"(anonymous_10)","line":147,"loc":{"start":{"line":147,"column":77},"end":{"line":150,"column":10}},"skip":true},"11":{"name":"(anonymous_11)","line":158,"loc":{"start":{"line":158,"column":83},"end":{"line":161,"column":10}},"skip":true},"12":{"name":"(anonymous_12)","line":169,"loc":{"start":{"line":169,"column":79},"end":{"line":172,"column":10}},"skip":true},"13":{"name":"(anonymous_13)","line":180,"loc":{"start":{"line":180,"column":75},"end":{"line":183,"column":10}},"skip":true}},"statementMap":{"1":{"start":{"line":12,"column":0},"end":{"line":195,"column":5}},"2":{"start":{"line":14,"column":4},"end":{"line":14,"column":14}},"3":{"start":{"line":19,"column":4},"end":{"line":56,"column":9}},"4":{"start":{"line":21,"column":8},"end":{"line":21,"column":19}},"5":{"start":{"line":23,"column":8},"end":{"line":35,"column":13}},"6":{"start":{"line":24,"column":12},"end":{"line":34,"column":13}},"7":{"start":{"line":25,"column":16},"end":{"line":28,"column":30}},"8":{"start":{"line":30,"column":16},"end":{"line":33,"column":27}},"9":{"start":{"line":37,"column":8},"end":{"line":39,"column":21}},"10":{"start":{"line":40,"column":8},"end":{"line":53,"column":9}},"11":{"start":{"line":43,"column":12},"end":{"line":46,"column":14}},"12":{"start":{"line":47,"column":12},"end":{"line":47,"column":18}},"13":{"start":{"line":50,"column":12},"end":{"line":51,"column":46}},"14":{"start":{"line":52,"column":12},"end":{"line":52,"column":18}},"15":{"start":{"line":55,"column":8},"end":{"line":55,"column":35}},"16":{"start":{"line":61,"column":4},"end":{"line":63,"column":9}},"17":{"start":{"line":62,"column":8},"end":{"line":62,"column":15}},"18":{"start":{"line":64,"column":4},"end":{"line":77,"column":5}},"19":{"start":{"line":70,"column":8},"end":{"line":70,"column":14}},"20":{"start":{"line":76,"column":8},"end":{"line":76,"column":14}},"21":{"start":{"line":82,"column":4},"end":{"line":84,"column":9}},"22":{"start":{"line":83,"column":8},"end":{"line":83,"column":15}},"23":{"start":{"line":85,"column":4},"end":{"line":194,"column":5}},"24":{"start":{"line":91,"column":8},"end":{"line":99,"column":10}},"25":{"start":{"line":98,"column":12},"end":{"line":98,"column":35}},"26":{"start":{"line":102,"column":8},"end":{"line":104,"column":63}},"27":{"start":{"line":105,"column":8},"end":{"line":105,"column":14}},"28":{"start":{"line":112,"column":8},"end":{"line":121,"column":10},"skip":true},"29":{"start":{"line":119,"column":12},"end":{"line":119,"column":55},"skip":true},"30":{"start":{"line":120,"column":12},"end":{"line":120,"column":48},"skip":true},"31":{"start":{"line":123,"column":8},"end":{"line":136,"column":10},"skip":true},"32":{"start":{"line":130,"column":12},"end":{"line":130,"column":76},"skip":true},"33":{"start":{"line":131,"column":12},"end":{"line":131,"column":73},"skip":true},"34":{"start":{"line":132,"column":12},"end":{"line":132,"column":74},"skip":true},"35":{"start":{"line":133,"column":12},"end":{"line":133,"column":79},"skip":true},"36":{"start":{"line":134,"column":12},"end":{"line":134,"column":25},"skip":true},"37":{"start":{"line":135,"column":12},"end":{"line":135,"column":45},"skip":true},"38":{"start":{"line":138,"column":8},"end":{"line":145,"column":14},"skip":true},"39":{"start":{"line":143,"column":16},"end":{"line":143,"column":29},"skip":true},"40":{"start":{"line":144,"column":16},"end":{"line":144,"column":55},"skip":true},"41":{"start":{"line":147,"column":8},"end":{"line":156,"column":10},"skip":true},"42":{"start":{"line":154,"column":12},"end":{"line":154,"column":25},"skip":true},"43":{"start":{"line":155,"column":12},"end":{"line":155,"column":45},"skip":true},"44":{"start":{"line":158,"column":8},"end":{"line":167,"column":10},"skip":true},"45":{"start":{"line":165,"column":12},"end":{"line":165,"column":25},"skip":true},"46":{"start":{"line":166,"column":12},"end":{"line":166,"column":48},"skip":true},"47":{"start":{"line":169,"column":8},"end":{"line":178,"column":10},"skip":true},"48":{"start":{"line":176,"column":12},"end":{"line":176,"column":25},"skip":true},"49":{"start":{"line":177,"column":12},"end":{"line":177,"column":46},"skip":true},"50":{"start":{"line":180,"column":8},"end":{"line":189,"column":10},"skip":true},"51":{"start":{"line":187,"column":12},"end":{"line":187,"column":94},"skip":true},"52":{"start":{"line":188,"column":12},"end":{"line":188,"column":48},"skip":true},"53":{"start":{"line":192,"column":8},"end":{"line":192,"column":35},"skip":true},"54":{"start":{"line":193,"column":8},"end":{"line":193,"column":14},"skip":true}},"branchMap":{"1":{"line":25,"type":"binary-expr","locations":[{"start":{"line":25,"column":23},"end":{"line":25,"column":62}},{"start":{"line":26,"column":20},"end":{"line":26,"column":70}},{"start":{"line":27,"column":20},"end":{"line":27,"column":71}},{"start":{"line":28,"column":20},"end":{"line":28,"column":29}}]},"2":{"line":30,"type":"binary-expr","locations":[{"start":{"line":30,"column":23},"end":{"line":30,"column":37}},{"start":{"line":31,"column":20},"end":{"line":31,"column":61}},{"start":{"line":32,"column":20},"end":{"line":32,"column":70}},{"start":{"line":33,"column":20},"end":{"line":33,"column":26}}]},"3":{"line":37,"type":"cond-expr","locations":[{"start":{"line":38,"column":14},"end":{"line":38,"column":20}},{"start":{"line":39,"column":14},"end":{"line":39,"column":20}}]},"4":{"line":40,"type":"switch","locations":[{"start":{"line":42,"column":8},"end":{"line":47,"column":18}},{"start":{"line":49,"column":8},"end":{"line":52,"column":18}}]},"5":{"line":44,"type":"binary-expr","locations":[{"start":{"line":44,"column":16},"end":{"line":44,"column":44}},{"start":{"line":44,"column":48},"end":{"line":44,"column":66}}]},"6":{"line":50,"type":"binary-expr","locations":[{"start":{"line":50,"column":21},"end":{"line":50,"column":49}},{"start":{"line":50,"column":53},"end":{"line":50,"column":72}}]},"7":{"line":64,"type":"switch","locations":[{"start":{"line":69,"column":4},"end":{"line":70,"column":14}},{"start":{"line":75,"column":4},"end":{"line":76,"column":14}}]},"8":{"line":85,"type":"switch","locations":[{"start":{"line":90,"column":4},"end":{"line":105,"column":14}},{"start":{"line":111,"column":4},"end":{"line":193,"column":14},"skip":true}]},"9":{"line":91,"type":"binary-expr","locations":[{"start":{"line":91,"column":42},"end":{"line":91,"column":73}},{"start":{"line":91,"column":77},"end":{"line":99,"column":9}}]},"10":{"line":102,"type":"binary-expr","locations":[{"start":{"line":102,"column":18},"end":{"line":102,"column":32}},{"start":{"line":103,"column":12},"end":{"line":103,"column":53}},{"start":{"line":104,"column":12},"end":{"line":104,"column":61}}]},"11":{"line":112,"type":"binary-expr","locations":[{"start":{"line":112,"column":45},"end":{"line":112,"column":79},"skip":true},{"start":{"line":112,"column":83},"end":{"line":121,"column":9},"skip":true}]},"12":{"line":123,"type":"binary-expr","locations":[{"start":{"line":123,"column":42},"end":{"line":123,"column":73},"skip":true},{"start":{"line":123,"column":77},"end":{"line":136,"column":9},"skip":true}]},"13":{"line":138,"type":"binary-expr","locations":[{"start":{"line":138,"column":48},"end":{"line":138,"column":85},"skip":true},{"start":{"line":139,"column":12},"end":{"line":145,"column":13},"skip":true}]},"14":{"line":147,"type":"binary-expr","locations":[{"start":{"line":147,"column":42},"end":{"line":147,"column":73},"skip":true},{"start":{"line":147,"column":77},"end":{"line":156,"column":9},"skip":true}]},"15":{"line":158,"type":"binary-expr","locations":[{"start":{"line":158,"column":45},"end":{"line":158,"column":79},"skip":true},{"start":{"line":158,"column":83},"end":{"line":167,"column":9},"skip":true}]},"16":{"line":169,"type":"binary-expr","locations":[{"start":{"line":169,"column":43},"end":{"line":169,"column":75},"skip":true},{"start":{"line":169,"column":79},"end":{"line":178,"column":9},"skip":true}]},"17":{"line":180,"type":"binary-expr","locations":[{"start":{"line":180,"column":41},"end":{"line":180,"column":71},"skip":true},{"start":{"line":180,"column":75},"end":{"line":189,"column":9},"skip":true}]}},"code":["/* istanbul instrument in package npmtest_tar */","/*jslint","    bitwise: true,","    browser: true,","    maxerr: 8,","    maxlen: 96,","    node: true,","    nomen: true,","    regexp: true,","    stupid: true","*/","(function () {","    'use strict';","    var local;","","","","    // run shared js-env code - pre-init","    (function () {","        // init local","        local = {};","        // init modeJs","        local.modeJs = (function () {","            try {","                return typeof navigator.userAgent === 'string' &&","                    typeof document.querySelector('body') === 'object' &&","                    typeof XMLHttpRequest.prototype.open === 'function' &&","                    'browser';","            } catch (errorCaughtBrowser) {","                return module.exports &&","                    typeof process.versions.node === 'string' &&","                    typeof require('http').createServer === 'function' &&","                    'node';","            }","        }());","        // init global","        local.global = local.modeJs === 'browser'","            ? window","            : global;","        switch (local.modeJs) {","        // re-init local from window.local","        case 'browser':","            local = local.global.utility2.objectSetDefault(","                local.global.utility2_rollup || local.global.local,","                local.global.utility2","            );","            break;","        // re-init local from example.js","        case 'node':","            local = (local.global.utility2_rollup || require('utility2'))","                .requireExampleJsFromReadme();","            break;","        }","        // export local","        local.global.local = local;","    }());","","","","    // run shared js-env code - function","    (function () {","        return;","    }());","    switch (local.modeJs) {","","","","    // run browser js-env code - function","    case 'browser':","        break;","","","","    // run node js-env code - function","    case 'node':","        break;","    }","","","","    // run shared js-env code - post-init","    (function () {","        return;","    }());","    switch (local.modeJs) {","","","","    // run browser js-env code - post-init","    case 'browser':","        local.testCase_browser_nullCase = local.testCase_browser_nullCase || function (","            options,","            onError","        ) {","        /*","         * this function will test browsers's null-case handling-behavior-behavior","         */","            onError(null, options);","        };","","        // run tests","        local.nop(local.modeTest &&","            document.querySelector('#testRunButton1') &&","            document.querySelector('#testRunButton1').click());","        break;","","","","    // run node js-env code - post-init","    /* istanbul ignore next */","    case 'node':","        local.testCase_buildApidoc_default = local.testCase_buildApidoc_default || function (","            options,","            onError","        ) {","        /*","         * this function will test buildApidoc's default handling-behavior-behavior","         */","            options = { modulePathList: module.paths };","            local.buildApidoc(options, onError);","        };","","        local.testCase_buildApp_default = local.testCase_buildApp_default || function (","            options,","            onError","        ) {","        /*","         * this function will test buildApp's default handling-behavior-behavior","         */","            local.testCase_buildReadme_default(options, local.onErrorThrow);","            local.testCase_buildLib_default(options, local.onErrorThrow);","            local.testCase_buildTest_default(options, local.onErrorThrow);","            local.testCase_buildCustomOrg_default(options, local.onErrorThrow);","            options = [];","            local.buildApp(options, onError);","        };","","        local.testCase_buildCustomOrg_default = local.testCase_buildCustomOrg_default ||","            function (options, onError) {","            /*","             * this function will test buildCustomOrg's default handling-behavior","             */","                options = {};","                local.buildCustomOrg(options, onError);","            };","","        local.testCase_buildLib_default = local.testCase_buildLib_default || function (","            options,","            onError","        ) {","        /*","         * this function will test buildLib's default handling-behavior","         */","            options = {};","            local.buildLib(options, onError);","        };","","        local.testCase_buildReadme_default = local.testCase_buildReadme_default || function (","            options,","            onError","        ) {","        /*","         * this function will test buildReadme's default handling-behavior-behavior","         */","            options = {};","            local.buildReadme(options, onError);","        };","","        local.testCase_buildTest_default = local.testCase_buildTest_default || function (","            options,","            onError","        ) {","        /*","         * this function will test buildTest's default handling-behavior","         */","            options = {};","            local.buildTest(options, onError);","        };","","        local.testCase_webpage_default = local.testCase_webpage_default || function (","            options,","            onError","        ) {","        /*","         * this function will test webpage's default handling-behavior","         */","            options = { modeCoverageMerge: true, url: local.serverLocalHost + '?modeTest=1' };","            local.browserTest(options, onError);","        };","","        // run test-server","        local.testRunServer(local);","        break;","    }","}());",""],"l":{"12":2,"14":2,"19":2,"21":2,"23":2,"24":2,"25":2,"30":1,"37":2,"40":2,"43":1,"47":1,"50":1,"52":1,"55":2,"61":2,"62":2,"64":2,"70":1,"76":1,"82":2,"83":2,"85":2,"91":1,"98":1,"102":1,"105":1,"112":1,"119":1,"120":1,"123":1,"130":1,"131":1,"132":1,"133":1,"134":1,"135":1,"138":1,"143":2,"144":2,"147":1,"154":2,"155":2,"158":1,"165":2,"166":2,"169":1,"176":2,"177":2,"180":1,"187":1,"188":1,"192":1,"193":1}},"/home/travis/build/npmtest/node-npmtest-tar/lib.npmtest_tar.js":{"path":"/home/travis/build/npmtest/node-npmtest-tar/lib.npmtest_tar.js","s":{"1":2,"2":2,"3":2,"4":2,"5":2,"6":2,"7":2,"8":1,"9":2,"10":2,"11":2,"12":2,"13":1,"14":1,"15":1,"16":1},"b":{"1":[2,1,1,1],"2":[1,1,1,1],"3":[1,1],"4":[2,2],"5":[1,1]},"f":{"1":2,"2":2,"3":2},"fnMap":{"1":{"name":"(anonymous_1)","line":12,"loc":{"start":{"line":12,"column":1},"end":{"line":12,"column":13}}},"2":{"name":"(anonymous_2)","line":19,"loc":{"start":{"line":19,"column":5},"end":{"line":19,"column":17}}},"3":{"name":"(anonymous_3)","line":23,"loc":{"start":{"line":23,"column":24},"end":{"line":23,"column":36}}}},"statementMap":{"1":{"start":{"line":12,"column":0},"end":{"line":53,"column":5}},"2":{"start":{"line":14,"column":4},"end":{"line":14,"column":14}},"3":{"start":{"line":19,"column":4},"end":{"line":52,"column":9}},"4":{"start":{"line":21,"column":8},"end":{"line":21,"column":19}},"5":{"start":{"line":23,"column":8},"end":{"line":35,"column":13}},"6":{"start":{"line":24,"column":12},"end":{"line":34,"column":13}},"7":{"start":{"line":25,"column":16},"end":{"line":28,"column":30}},"8":{"start":{"line":30,"column":16},"end":{"line":33,"column":27}},"9":{"start":{"line":37,"column":8},"end":{"line":39,"column":21}},"10":{"start":{"line":41,"column":8},"end":{"line":41,"column":54}},"11":{"start":{"line":43,"column":8},"end":{"line":43,"column":48}},"12":{"start":{"line":45,"column":8},"end":{"line":51,"column":9}},"13":{"start":{"line":46,"column":12},"end":{"line":46,"column":54}},"14":{"start":{"line":48,"column":12},"end":{"line":48,"column":35}},"15":{"start":{"line":49,"column":12},"end":{"line":49,"column":49}},"16":{"start":{"line":50,"column":12},"end":{"line":50,"column":43}}},"branchMap":{"1":{"line":25,"type":"binary-expr","locations":[{"start":{"line":25,"column":23},"end":{"line":25,"column":62}},{"start":{"line":26,"column":20},"end":{"line":26,"column":70}},{"start":{"line":27,"column":20},"end":{"line":27,"column":71}},{"start":{"line":28,"column":20},"end":{"line":28,"column":29}}]},"2":{"line":30,"type":"binary-expr","locations":[{"start":{"line":30,"column":23},"end":{"line":30,"column":37}},{"start":{"line":31,"column":20},"end":{"line":31,"column":61}},{"start":{"line":32,"column":20},"end":{"line":32,"column":70}},{"start":{"line":33,"column":20},"end":{"line":33,"column":26}}]},"3":{"line":37,"type":"cond-expr","locations":[{"start":{"line":38,"column":14},"end":{"line":38,"column":20}},{"start":{"line":39,"column":14},"end":{"line":39,"column":20}}]},"4":{"line":41,"type":"binary-expr","locations":[{"start":{"line":41,"column":16},"end":{"line":41,"column":44}},{"start":{"line":41,"column":48},"end":{"line":41,"column":53}}]},"5":{"line":45,"type":"if","locations":[{"start":{"line":45,"column":8},"end":{"line":45,"column":8}},{"start":{"line":45,"column":8},"end":{"line":45,"column":8}}]}},"code":["/* istanbul instrument in package npmtest_tar */","/*jslint","    bitwise: true,","    browser: true,","    maxerr: 8,","    maxlen: 96,","    node: true,","    nomen: true,","    regexp: true,","    stupid: true","*/","(function () {","    'use strict';","    var local;","","","","    // run shared js-env code - pre-init","    (function () {","        // init local","        local = {};","        // init modeJs","        local.modeJs = (function () {","            try {","                return typeof navigator.userAgent === 'string' &&","                    typeof document.querySelector('body') === 'object' &&","                    typeof XMLHttpRequest.prototype.open === 'function' &&","                    'browser';","            } catch (errorCaughtBrowser) {","                return module.exports &&","                    typeof process.versions.node === 'string' &&","                    typeof require('http').createServer === 'function' &&","                    'node';","            }","        }());","        // init global","        local.global = local.modeJs === 'browser'","            ? window","            : global;","        // init utility2_rollup","        local = local.global.utility2_rollup || local;","        // init lib","        local.local = local.npmtest_tar = local;","        // init exports","        if (local.modeJs === 'browser') {","            local.global.utility2_npmtest_tar = local;","        } else {","            module.exports = local;","            module.exports.__dirname = __dirname;","            module.exports.module = module;","        }","    }());","}());",""],"l":{"12":2,"14":2,"19":2,"21":2,"23":2,"24":2,"25":2,"30":1,"37":2,"41":2,"43":2,"45":2,"46":1,"48":1,"49":1,"50":1}},"/home/travis/build/npmtest/node-npmtest-tar/example.js":{"path":"/home/travis/build/npmtest/node-npmtest-tar/example.js","s":{"1":2,"2":2,"3":2,"4":2,"5":2,"6":2,"7":2,"8":1,"9":2,"10":2,"11":2,"12":2,"13":1,"14":2,"15":2,"16":2,"17":2,"18":2,"19":0,"20":2,"21":1,"22":1,"23":1,"24":1,"25":1,"26":0,"27":0,"28":1,"29":1,"30":2,"31":0,"32":0,"33":0,"34":1,"35":2,"36":2,"37":3,"38":3,"39":3,"40":3,"41":0,"42":3,"43":3,"44":3,"45":1,"46":3,"47":1,"48":1,"49":1,"50":1,"51":1,"52":1,"53":1,"54":1,"55":1,"56":1,"57":0,"58":1,"59":6,"60":6,"61":1,"62":2,"63":0,"64":2,"65":1,"66":1,"67":0,"68":0,"69":0,"70":0,"71":0,"72":0,"73":0,"74":0,"75":0,"76":0,"77":0,"78":0,"79":0,"80":0,"81":0,"82":0,"83":0},"b":{"1":[2,1,1,1],"2":[1,1,1,1],"3":[1,1],"4":[2,2],"5":[1,1],"6":[1,1],"7":[2,0],"8":[2,1,1,1,1,1],"9":[0,2,0],"10":[1,1],"11":[2,1,1],"12":[1,0],"13":[0,2],"14":[2,0,0,0,0,0,0],"15":[0,3],"16":[3,0],"17":[1,1],"18":[0,1],"19":[1,2,0,2],"20":[1,0],"21":[1,1],"22":[0,0],"23":[0,0],"24":[0,0],"25":[0,0],"26":[0,0],"27":[0,0],"28":[0,0]},"f":{"1":2,"2":2,"3":2,"4":2,"5":2,"6":2,"7":3,"8":3,"9":3,"10":1,"11":6,"12":0},"fnMap":{"1":{"name":"(anonymous_1)","line":26,"loc":{"start":{"line":26,"column":1},"end":{"line":26,"column":13}}},"2":{"name":"(anonymous_2)","line":33,"loc":{"start":{"line":33,"column":5},"end":{"line":33,"column":17}}},"3":{"name":"(anonymous_3)","line":37,"loc":{"start":{"line":37,"column":24},"end":{"line":37,"column":36}}},"4":{"name":"(anonymous_4)","line":69,"loc":{"start":{"line":69,"column":31},"end":{"line":69,"column":48}},"skip":true},"5":{"name":"(anonymous_5)","line":78,"loc":{"start":{"line":78,"column":26},"end":{"line":78,"column":45}},"skip":true},"6":{"name":"(anonymous_6)","line":123,"loc":{"start":{"line":123,"column":33},"end":{"line":123,"column":48}},"skip":true},"7":{"name":"(anonymous_7)","line":125,"loc":{"start":{"line":125,"column":27},"end":{"line":125,"column":39}},"skip":true},"8":{"name":"(anonymous_8)","line":133,"loc":{"start":{"line":133,"column":59},"end":{"line":133,"column":74}},"skip":true},"9":{"name":"(anonymous_9)","line":143,"loc":{"start":{"line":143,"column":45},"end":{"line":143,"column":62}},"skip":true},"10":{"name":"(anonymous_10)","line":144,"loc":{"start":{"line":144,"column":73},"end":{"line":144,"column":92}},"skip":true},"11":{"name":"(anonymous_11)","line":272,"loc":{"start":{"line":272,"column":51},"end":{"line":272,"column":77}},"skip":true},"12":{"name":"(anonymous_12)","line":315,"loc":{"start":{"line":315,"column":32},"end":{"line":315,"column":61}},"skip":true}},"statementMap":{"1":{"start":{"line":26,"column":0},"end":{"line":326,"column":5}},"2":{"start":{"line":28,"column":4},"end":{"line":28,"column":14}},"3":{"start":{"line":33,"column":4},"end":{"line":60,"column":9}},"4":{"start":{"line":35,"column":8},"end":{"line":35,"column":19}},"5":{"start":{"line":37,"column":8},"end":{"line":49,"column":13}},"6":{"start":{"line":38,"column":12},"end":{"line":48,"column":13}},"7":{"start":{"line":39,"column":16},"end":{"line":42,"column":30}},"8":{"start":{"line":44,"column":16},"end":{"line":47,"column":27}},"9":{"start":{"line":51,"column":8},"end":{"line":53,"column":21}},"10":{"start":{"line":55,"column":8},"end":{"line":57,"column":45}},"11":{"start":{"line":59,"column":8},"end":{"line":59,"column":35}},"12":{"start":{"line":61,"column":4},"end":{"line":325,"column":5}},"13":{"start":{"line":69,"column":8},"end":{"line":121,"column":10},"skip":true},"14":{"start":{"line":70,"column":12},"end":{"line":88,"column":13},"skip":true},"15":{"start":{"line":76,"column":16},"end":{"line":87,"column":19},"skip":true},"16":{"start":{"line":79,"column":20},"end":{"line":86,"column":21},"skip":true},"17":{"start":{"line":82,"column":24},"end":{"line":82,"column":43},"skip":true},"18":{"start":{"line":83,"column":24},"end":{"line":83,"column":30},"skip":true},"19":{"start":{"line":85,"column":24},"end":{"line":85,"column":49},"skip":true},"20":{"start":{"line":89,"column":12},"end":{"line":107,"column":13},"skip":true},"21":{"start":{"line":92,"column":16},"end":{"line":102,"column":17},"skip":true},"22":{"start":{"line":93,"column":20},"end":{"line":93,"column":86},"skip":true},"23":{"start":{"line":94,"column":20},"end":{"line":95,"column":45},"skip":true},"24":{"start":{"line":96,"column":20},"end":{"line":96,"column":42},"skip":true},"25":{"start":{"line":97,"column":20},"end":{"line":97,"column":48},"skip":true},"26":{"start":{"line":100,"column":20},"end":{"line":100,"column":85},"skip":true},"27":{"start":{"line":101,"column":20},"end":{"line":101,"column":96},"skip":true},"28":{"start":{"line":103,"column":16},"end":{"line":103,"column":22},"skip":true},"29":{"start":{"line":106,"column":16},"end":{"line":106,"column":22},"skip":true},"30":{"start":{"line":108,"column":12},"end":{"line":120,"column":13},"skip":true},"31":{"start":{"line":114,"column":16},"end":{"line":119,"column":17},"skip":true},"32":{"start":{"line":116,"column":20},"end":{"line":116,"column":78},"skip":true},"33":{"start":{"line":118,"column":20},"end":{"line":118,"column":47},"skip":true},"34":{"start":{"line":123,"column":8},"end":{"line":141,"column":11},"skip":true},"35":{"start":{"line":124,"column":12},"end":{"line":124,"column":54},"skip":true},"36":{"start":{"line":125,"column":12},"end":{"line":140,"column":14},"skip":true},"37":{"start":{"line":126,"column":16},"end":{"line":126,"column":28},"skip":true},"38":{"start":{"line":127,"column":16},"end":{"line":127,"column":69},"skip":true},"39":{"start":{"line":128,"column":16},"end":{"line":128,"column":75},"skip":true},"40":{"start":{"line":129,"column":16},"end":{"line":131,"column":17},"skip":true},"41":{"start":{"line":130,"column":20},"end":{"line":130,"column":27},"skip":true},"42":{"start":{"line":133,"column":16},"end":{"line":137,"column":36},"skip":true},"43":{"start":{"line":134,"column":20},"end":{"line":136,"column":55},"skip":true},"44":{"start":{"line":139,"column":16},"end":{"line":139,"column":57},"skip":true},"45":{"start":{"line":143,"column":8},"end":{"line":147,"column":11},"skip":true},"46":{"start":{"line":144,"column":12},"end":{"line":146,"column":15},"skip":true},"47":{"start":{"line":145,"column":16},"end":{"line":145,"column":70},"skip":true},"48":{"start":{"line":149,"column":8},"end":{"line":149,"column":31},"skip":true},"49":{"start":{"line":150,"column":8},"end":{"line":150,"column":14},"skip":true},"50":{"start":{"line":158,"column":8},"end":{"line":158,"column":31},"skip":true},"51":{"start":{"line":160,"column":8},"end":{"line":160,"column":33},"skip":true},"52":{"start":{"line":161,"column":8},"end":{"line":161,"column":37},"skip":true},"53":{"start":{"line":162,"column":8},"end":{"line":162,"column":35},"skip":true},"54":{"start":{"line":164,"column":8},"end":{"line":164,"column":50},"skip":true},"55":{"start":{"line":166,"column":8},"end":{"line":256,"column":2},"skip":true},"56":{"start":{"line":258,"column":8},"end":{"line":286,"column":9},"skip":true},"57":{"start":{"line":259,"column":12},"end":{"line":269,"column":14},"skip":true},"58":{"start":{"line":271,"column":12},"end":{"line":285,"column":19},"skip":true},"59":{"start":{"line":274,"column":20},"end":{"line":274,"column":35},"skip":true},"60":{"start":{"line":275,"column":20},"end":{"line":284,"column":21},"skip":true},"61":{"start":{"line":277,"column":24},"end":{"line":277,"column":64},"skip":true},"62":{"start":{"line":279,"column":24},"end":{"line":279,"column":40},"skip":true},"63":{"start":{"line":281,"column":24},"end":{"line":281,"column":40},"skip":true},"64":{"start":{"line":283,"column":24},"end":{"line":283,"column":39},"skip":true},"65":{"start":{"line":288,"column":8},"end":{"line":290,"column":9},"skip":true},"66":{"start":{"line":289,"column":12},"end":{"line":289,"column":18},"skip":true},"67":{"start":{"line":291,"column":8},"end":{"line":293,"column":54},"skip":true},"68":{"start":{"line":296,"column":8},"end":{"line":301,"column":37},"skip":true},"69":{"start":{"line":303,"column":8},"end":{"line":303,"column":82},"skip":true},"70":{"start":{"line":306,"column":8},"end":{"line":308,"column":9},"skip":true},"71":{"start":{"line":307,"column":12},"end":{"line":307,"column":82},"skip":true},"72":{"start":{"line":310,"column":8},"end":{"line":312,"column":9},"skip":true},"73":{"start":{"line":311,"column":12},"end":{"line":311,"column":18},"skip":true},"74":{"start":{"line":313,"column":8},"end":{"line":313,"column":54},"skip":true},"75":{"start":{"line":314,"column":8},"end":{"line":314,"column":69},"skip":true},"76":{"start":{"line":315,"column":8},"end":{"line":323,"column":36},"skip":true},"77":{"start":{"line":316,"column":12},"end":{"line":316,"column":61},"skip":true},"78":{"start":{"line":317,"column":12},"end":{"line":320,"column":13},"skip":true},"79":{"start":{"line":318,"column":16},"end":{"line":318,"column":75},"skip":true},"80":{"start":{"line":319,"column":16},"end":{"line":319,"column":23},"skip":true},"81":{"start":{"line":321,"column":12},"end":{"line":321,"column":38},"skip":true},"82":{"start":{"line":322,"column":12},"end":{"line":322,"column":27},"skip":true},"83":{"start":{"line":324,"column":8},"end":{"line":324,"column":14},"skip":true}},"branchMap":{"1":{"line":39,"type":"binary-expr","locations":[{"start":{"line":39,"column":23},"end":{"line":39,"column":62}},{"start":{"line":40,"column":20},"end":{"line":40,"column":70}},{"start":{"line":41,"column":20},"end":{"line":41,"column":71}},{"start":{"line":42,"column":20},"end":{"line":42,"column":29}}]},"2":{"line":44,"type":"binary-expr","locations":[{"start":{"line":44,"column":23},"end":{"line":44,"column":37}},{"start":{"line":45,"column":20},"end":{"line":45,"column":61}},{"start":{"line":46,"column":20},"end":{"line":46,"column":70}},{"start":{"line":47,"column":20},"end":{"line":47,"column":26}}]},"3":{"line":51,"type":"cond-expr","locations":[{"start":{"line":52,"column":14},"end":{"line":52,"column":20}},{"start":{"line":53,"column":14},"end":{"line":53,"column":20}}]},"4":{"line":55,"type":"binary-expr","locations":[{"start":{"line":55,"column":16},"end":{"line":55,"column":44}},{"start":{"line":55,"column":49},"end":{"line":57,"column":43}}]},"5":{"line":55,"type":"cond-expr","locations":[{"start":{"line":56,"column":14},"end":{"line":56,"column":47}},{"start":{"line":57,"column":14},"end":{"line":57,"column":43}}]},"6":{"line":61,"type":"switch","locations":[{"start":{"line":68,"column":4},"end":{"line":150,"column":14},"skip":true},{"start":{"line":156,"column":4},"end":{"line":324,"column":14},"skip":true}]},"7":{"line":70,"type":"if","locations":[{"start":{"line":70,"column":12},"end":{"line":70,"column":12},"skip":true},{"start":{"line":70,"column":12},"end":{"line":70,"column":12},"skip":true}]},"8":{"line":70,"type":"binary-expr","locations":[{"start":{"line":70,"column":16},"end":{"line":70,"column":22},"skip":true},{"start":{"line":70,"column":27},"end":{"line":70,"column":32},"skip":true},{"start":{"line":71,"column":20},"end":{"line":71,"column":39},"skip":true},{"start":{"line":72,"column":20},"end":{"line":72,"column":49},"skip":true},{"start":{"line":73,"column":20},"end":{"line":73,"column":58},"skip":true},{"start":{"line":74,"column":20},"end":{"line":74,"column":69},"skip":true}]},"9":{"line":79,"type":"switch","locations":[{"start":{"line":80,"column":20},"end":{"line":80,"column":33},"skip":true},{"start":{"line":81,"column":20},"end":{"line":83,"column":30},"skip":true},{"start":{"line":84,"column":20},"end":{"line":85,"column":49},"skip":true}]},"10":{"line":89,"type":"switch","locations":[{"start":{"line":90,"column":12},"end":{"line":103,"column":22},"skip":true},{"start":{"line":105,"column":12},"end":{"line":106,"column":22},"skip":true}]},"11":{"line":89,"type":"binary-expr","locations":[{"start":{"line":89,"column":20},"end":{"line":89,"column":25},"skip":true},{"start":{"line":89,"column":29},"end":{"line":89,"column":48},"skip":true},{"start":{"line":89,"column":52},"end":{"line":89,"column":74},"skip":true}]},"12":{"line":92,"type":"if","locations":[{"start":{"line":92,"column":16},"end":{"line":92,"column":16},"skip":true},{"start":{"line":92,"column":16},"end":{"line":92,"column":16},"skip":true}]},"13":{"line":108,"type":"if","locations":[{"start":{"line":108,"column":12},"end":{"line":108,"column":12},"skip":true},{"start":{"line":108,"column":12},"end":{"line":108,"column":12},"skip":true}]},"14":{"line":108,"type":"binary-expr","locations":[{"start":{"line":108,"column":16},"end":{"line":108,"column":61},"skip":true},{"start":{"line":108,"column":66},"end":{"line":108,"column":72},"skip":true},{"start":{"line":108,"column":77},"end":{"line":108,"column":82},"skip":true},{"start":{"line":109,"column":20},"end":{"line":109,"column":39},"skip":true},{"start":{"line":110,"column":20},"end":{"line":110,"column":49},"skip":true},{"start":{"line":111,"column":20},"end":{"line":111,"column":58},"skip":true},{"start":{"line":112,"column":20},"end":{"line":112,"column":68},"skip":true}]},"15":{"line":129,"type":"if","locations":[{"start":{"line":129,"column":16},"end":{"line":129,"column":16},"skip":true},{"start":{"line":129,"column":16},"end":{"line":129,"column":16},"skip":true}]},"16":{"line":134,"type":"cond-expr","locations":[{"start":{"line":135,"column":26},"end":{"line":135,"column":29},"skip":true},{"start":{"line":136,"column":26},"end":{"line":136,"column":54},"skip":true}]},"17":{"line":164,"type":"binary-expr","locations":[{"start":{"line":164,"column":27},"end":{"line":164,"column":43},"skip":true},{"start":{"line":164,"column":47},"end":{"line":164,"column":49},"skip":true}]},"18":{"line":258,"type":"if","locations":[{"start":{"line":258,"column":8},"end":{"line":258,"column":8},"skip":true},{"start":{"line":258,"column":8},"end":{"line":258,"column":8},"skip":true}]},"19":{"line":275,"type":"switch","locations":[{"start":{"line":276,"column":20},"end":{"line":277,"column":64},"skip":true},{"start":{"line":278,"column":20},"end":{"line":279,"column":40},"skip":true},{"start":{"line":280,"column":20},"end":{"line":281,"column":40},"skip":true},{"start":{"line":282,"column":20},"end":{"line":283,"column":39},"skip":true}]},"20":{"line":288,"type":"if","locations":[{"start":{"line":288,"column":8},"end":{"line":288,"column":8},"skip":true},{"start":{"line":288,"column":8},"end":{"line":288,"column":8},"skip":true}]},"21":{"line":288,"type":"binary-expr","locations":[{"start":{"line":288,"column":12},"end":{"line":288,"column":40},"skip":true},{"start":{"line":288,"column":44},"end":{"line":288,"column":67},"skip":true}]},"22":{"line":292,"type":"binary-expr","locations":[{"start":{"line":292,"column":12},"end":{"line":292,"column":50},"skip":true},{"start":{"line":293,"column":12},"end":{"line":293,"column":53},"skip":true}]},"23":{"line":297,"type":"binary-expr","locations":[{"start":{"line":297,"column":12},"end":{"line":297,"column":61},"skip":true},{"start":{"line":298,"column":12},"end":{"line":301,"column":36},"skip":true}]},"24":{"line":303,"type":"binary-expr","locations":[{"start":{"line":303,"column":43},"end":{"line":303,"column":75},"skip":true},{"start":{"line":303,"column":79},"end":{"line":303,"column":81},"skip":true}]},"25":{"line":306,"type":"if","locations":[{"start":{"line":306,"column":8},"end":{"line":306,"column":8},"skip":true},{"start":{"line":306,"column":8},"end":{"line":306,"column":8},"skip":true}]},"26":{"line":310,"type":"if","locations":[{"start":{"line":310,"column":8},"end":{"line":310,"column":8},"skip":true},{"start":{"line":310,"column":8},"end":{"line":310,"column":8},"skip":true}]},"27":{"line":313,"type":"binary-expr","locations":[{"start":{"line":313,"column":27},"end":{"line":313,"column":43},"skip":true},{"start":{"line":313,"column":47},"end":{"line":313,"column":53},"skip":true}]},"28":{"line":317,"type":"if","locations":[{"start":{"line":317,"column":12},"end":{"line":317,"column":12},"skip":true},{"start":{"line":317,"column":12},"end":{"line":317,"column":12},"skip":true}]}},"code":["/*","example.js","","quickstart example","","instruction","    1. save this script as example.js","    2. run the shell command:","        $ npm install npmtest-tar && PORT=8081 node example.js","    3. play with the browser-demo on http://127.0.0.1:8081","*/","","","","/* istanbul instrument in package npmtest_tar */","/*jslint","    bitwise: true,","    browser: true,","    maxerr: 8,","    maxlen: 96,","    node: true,","    nomen: true,","    regexp: true,","    stupid: true","*/","(function () {","    'use strict';","    var local;","","","","    // run shared js-env code - pre-init","    (function () {","        // init local","        local = {};","        // init modeJs","        local.modeJs = (function () {","            try {","                return typeof navigator.userAgent === 'string' &&","                    typeof document.querySelector('body') === 'object' &&","                    typeof XMLHttpRequest.prototype.open === 'function' &&","                    'browser';","            } catch (errorCaughtBrowser) {","                return module.exports &&","                    typeof process.versions.node === 'string' &&","                    typeof require('http').createServer === 'function' &&","                    'node';","            }","        }());","        // init global","        local.global = local.modeJs === 'browser'","            ? window","            : global;","        // init utility2_rollup","        local = local.global.utility2_rollup || (local.modeJs === 'browser'","            ? local.global.utility2_npmtest_tar","            : global.utility2_moduleExports);","        // export local","        local.global.local = local;","    }());","    switch (local.modeJs) {","","","","    // post-init","    // run browser js-env code - post-init","    /* istanbul ignore next */","    case 'browser':","        local.testRunBrowser = function (event) {","            if (!event || (event &&","                    event.currentTarget &&","                    event.currentTarget.className &&","                    event.currentTarget.className.includes &&","                    event.currentTarget.className.includes('onreset'))) {","                // reset output","                Array.from(","                    document.querySelectorAll('body > .resettable')","                ).forEach(function (element) {","                    switch (element.tagName) {","                    case 'INPUT':","                    case 'TEXTAREA':","                        element.value = '';","                        break;","                    default:","                        element.textContent = '';","                    }","                });","            }","            switch (event && event.currentTarget && event.currentTarget.id) {","            case 'testRunButton1':","                // show tests","                if (document.querySelector('#testReportDiv1').style.display === 'none') {","                    document.querySelector('#testReportDiv1').style.display = 'block';","                    document.querySelector('#testRunButton1').textContent =","                        'hide internal test';","                    local.modeTest = true;","                    local.testRunDefault(local);","                // hide tests","                } else {","                    document.querySelector('#testReportDiv1').style.display = 'none';","                    document.querySelector('#testRunButton1').textContent = 'run internal test';","                }","                break;","            // custom-case","            default:","                break;","            }","            if (document.querySelector('#inputTextareaEval1') && (!event || (event &&","                    event.currentTarget &&","                    event.currentTarget.className &&","                    event.currentTarget.className.includes &&","                    event.currentTarget.className.includes('oneval')))) {","                // try to eval input-code","                try {","                    /*jslint evil: true*/","                    eval(document.querySelector('#inputTextareaEval1').value);","                } catch (errorCaught) {","                    console.error(errorCaught);","                }","            }","        };","        // log stderr and stdout to #outputTextareaStdout1","        ['error', 'log'].forEach(function (key) {","            console[key + '_original'] = console[key];","            console[key] = function () {","                var element;","                console[key + '_original'].apply(console, arguments);","                element = document.querySelector('#outputTextareaStdout1');","                if (!element) {","                    return;","                }","                // append text to #outputTextareaStdout1","                element.value += Array.from(arguments).map(function (arg) {","                    return typeof arg === 'string'","                        ? arg","                        : JSON.stringify(arg, null, 4);","                }).join(' ') + '\\n';","                // scroll textarea to bottom","                element.scrollTop = element.scrollHeight;","            };","        });","        // init event-handling","        ['change', 'click', 'keyup'].forEach(function (event) {","            Array.from(document.querySelectorAll('.on' + event)).forEach(function (element) {","                element.addEventListener(event, local.testRunBrowser);","            });","        });","        // run tests","        local.testRunBrowser();","        break;","","","","    // run node js-env code - post-init","    /* istanbul ignore next */","    case 'node':","        // export local","        module.exports = local;","        // require modules","        local.fs = require('fs');","        local.http = require('http');","        local.url = require('url');","        // init assets","        local.assetsDict = local.assetsDict || {};","        /* jslint-ignore-begin */","        local.assetsDict['/assets.index.template.html'] = '\\","<!doctype html>\\n\\","<html lang=\"en\">\\n\\","<head>\\n\\","<meta charset=\"UTF-8\">\\n\\","<meta name=\"viewport\" content=\"width=device-width, initial-scale=1\">\\n\\","<title>{{env.npm_package_name}} (v{{env.npm_package_version}})</title>\\n\\","<style>\\n\\","/*csslint\\n\\","    box-sizing: false,\\n\\","    universal-selector: false\\n\\","*/\\n\\","* {\\n\\","    box-sizing: border-box;\\n\\","}\\n\\","body {\\n\\","    background: #dde;\\n\\","    font-family: Arial, Helvetica, sans-serif;\\n\\","    margin: 2rem;\\n\\","}\\n\\","body > * {\\n\\","    margin-bottom: 1rem;\\n\\","}\\n\\",".utility2FooterDiv {\\n\\","    margin-top: 20px;\\n\\","    text-align: center;\\n\\","}\\n\\","</style>\\n\\","<style>\\n\\","/*csslint\\n\\","*/\\n\\","textarea {\\n\\","    font-family: monospace;\\n\\","    height: 10rem;\\n\\","    width: 100%;\\n\\","}\\n\\","textarea[readonly] {\\n\\","    background: #ddd;\\n\\","}\\n\\","</style>\\n\\","</head>\\n\\","<body>\\n\\","<!-- utility2-comment\\n\\","<div id=\"ajaxProgressDiv1\" style=\"background: #d00; height: 2px; left: 0; margin: 0; padding: 0; position: fixed; top: 0; transition: background 0.5s, width 1.5s; width: 25%;\"></div>\\n\\","utility2-comment -->\\n\\","<h1>\\n\\","<!-- utility2-comment\\n\\","    <a\\n\\","        {{#if env.npm_package_homepage}}\\n\\","        href=\"{{env.npm_package_homepage}}\"\\n\\","        {{/if env.npm_package_homepage}}\\n\\","        target=\"_blank\"\\n\\","    >\\n\\","utility2-comment -->\\n\\","        {{env.npm_package_name}} (v{{env.npm_package_version}})\\n\\","<!-- utility2-comment\\n\\","    </a>\\n\\","utility2-comment -->\\n\\","</h1>\\n\\","<h3>{{env.npm_package_description}}</h3>\\n\\","<!-- utility2-comment\\n\\","<h4><a download href=\"assets.app.js\">download standalone app</a></h4>\\n\\","<button class=\"onclick onreset\" id=\"testRunButton1\">run internal test</button><br>\\n\\","<div id=\"testReportDiv1\" style=\"display: none;\"></div>\\n\\","utility2-comment -->\\n\\","\\n\\","\\n\\","\\n\\","<label>stderr and stdout</label>\\n\\","<textarea class=\"resettable\" id=\"outputTextareaStdout1\" readonly></textarea>\\n\\","<!-- utility2-comment\\n\\","{{#if isRollup}}\\n\\","<script src=\"assets.app.js\"></script>\\n\\","{{#unless isRollup}}\\n\\","utility2-comment -->\\n\\","<script src=\"assets.utility2.rollup.js\"></script>\\n\\","<script src=\"jsonp.utility2._stateInit?callback=window.utility2._stateInit\"></script>\\n\\","<script src=\"assets.npmtest_tar.rollup.js\"></script>\\n\\","<script src=\"assets.example.js\"></script>\\n\\","<script src=\"assets.test.js\"></script>\\n\\","<!-- utility2-comment\\n\\","{{/if isRollup}}\\n\\","utility2-comment -->\\n\\","<div class=\"utility2FooterDiv\">\\n\\","    [ this app was created with\\n\\","    <a href=\"https://github.com/kaizhu256/node-utility2\" target=\"_blank\">utility2</a>\\n\\","    ]\\n\\","</div>\\n\\","</body>\\n\\","</html>\\n\\","';","        /* jslint-ignore-end */","        if (local.templateRender) {","            local.assetsDict['/'] = local.templateRender(","                local.assetsDict['/assets.index.template.html'],","                {","                    env: local.objectSetDefault(local.env, {","                        npm_package_description: 'the greatest app in the world!',","                        npm_package_name: 'my-app',","                        npm_package_nameAlias: 'my_app',","                        npm_package_version: '0.0.1'","                    })","                }","            );","        } else {","            local.assetsDict['/'] = local.assetsDict['/assets.index.template.html']","                .replace((/\\{\\{env\\.(\\w+?)\\}\\}/g), function (match0, match1) {","                    // jslint-hack","                    String(match0);","                    switch (match1) {","                    case 'npm_package_description':","                        return 'the greatest app in the world!';","                    case 'npm_package_name':","                        return 'my-app';","                    case 'npm_package_nameAlias':","                        return 'my_app';","                    case 'npm_package_version':","                        return '0.0.1';","                    }","                });","        }","        // run the cli","        if (local.global.utility2_rollup || module !== require.main) {","            break;","        }","        local.assetsDict['/assets.example.js'] =","            local.assetsDict['/assets.example.js'] ||","            local.fs.readFileSync(__filename, 'utf8');","        // bug-workaround - long $npm_package_buildCustomOrg","        /* jslint-ignore-begin */","        local.assetsDict['/assets.npmtest_tar.rollup.js'] =","            local.assetsDict['/assets.npmtest_tar.rollup.js'] ||","            local.fs.readFileSync(","                local.npmtest_tar.__dirname + '/lib.npmtest_tar.js',","                'utf8'","            ).replace((/^#!/), '//');","        /* jslint-ignore-end */","        local.assetsDict['/favicon.ico'] = local.assetsDict['/favicon.ico'] || '';","        // if $npm_config_timeout_exit exists,","        // then exit this process after $npm_config_timeout_exit ms","        if (Number(process.env.npm_config_timeout_exit)) {","            setTimeout(process.exit, Number(process.env.npm_config_timeout_exit));","        }","        // start server","        if (local.global.utility2_serverHttp1) {","            break;","        }","        process.env.PORT = process.env.PORT || '8081';","        console.error('server starting on port ' + process.env.PORT);","        local.http.createServer(function (request, response) {","            request.urlParsed = local.url.parse(request.url);","            if (local.assetsDict[request.urlParsed.pathname] !== undefined) {","                response.end(local.assetsDict[request.urlParsed.pathname]);","                return;","            }","            response.statusCode = 404;","            response.end();","        }).listen(process.env.PORT);","        break;","    }","}());",""],"l":{"26":2,"28":2,"33":2,"35":2,"37":2,"38":2,"39":2,"44":1,"51":2,"55":2,"59":2,"61":2,"69":1,"70":2,"76":2,"79":2,"82":2,"83":2,"85":1,"89":2,"92":1,"93":1,"94":1,"96":1,"97":1,"100":1,"101":1,"103":1,"106":1,"108":2,"114":1,"116":1,"118":1,"123":1,"124":2,"125":2,"126":3,"127":3,"128":3,"129":3,"130":1,"133":3,"134":3,"139":3,"143":1,"144":3,"145":1,"149":1,"150":1,"158":1,"160":1,"161":1,"162":1,"164":1,"166":1,"258":1,"259":1,"271":1,"274":6,"275":6,"277":1,"279":2,"281":1,"283":2,"288":1,"289":1,"291":1,"296":1,"303":1,"306":1,"307":1,"310":1,"311":1,"313":1,"314":1,"315":1,"316":1,"317":1,"318":1,"319":1,"321":1,"322":1,"324":1}},"/home/travis/build/npmtest/node-npmtest-tar/node_modules/tar/tar.js":{"path":"/home/travis/build/npmtest/node-npmtest-tar/node_modules/tar/tar.js","s":{"1":1,"2":1,"3":1,"4":1,"5":1,"6":1,"7":1,"8":1,"9":1,"10":1,"11":1,"12":1,"13":1,"14":1,"15":1,"16":1,"17":1,"18":1,"19":1,"20":1,"21":1,"22":1,"23":17,"24":17,"25":1,"26":18,"27":17,"28":1,"29":1,"30":22,"31":1,"32":1,"33":1,"34":13,"35":1,"36":1,"37":1,"38":1,"39":1,"40":1,"41":1,"42":1,"43":1,"44":1,"45":1,"46":1,"47":1,"48":1},"b":{"1":[17,1],"2":[22,21],"3":[13,13]},"f":{"1":18,"2":22,"3":13},"fnMap":{"1":{"name":"(anonymous_1)","line":69,"loc":{"start":{"line":69,"column":28},"end":{"line":69,"column":41}}},"2":{"name":"(anonymous_2)","line":102,"loc":{"start":{"line":102,"column":27},"end":{"line":102,"column":40}}},"3":{"name":"(anonymous_3)","line":139,"loc":{"start":{"line":139,"column":27},"end":{"line":139,"column":40}}}},"statementMap":{"1":{"start":{"line":3,"column":0},"end":{"line":16,"column":18}},"2":{"start":{"line":18,"column":0},"end":{"line":18,"column":21}},"3":{"start":{"line":19,"column":0},"end":{"line":19,"column":19}},"4":{"start":{"line":20,"column":0},"end":{"line":20,"column":18}},"5":{"start":{"line":21,"column":0},"end":{"line":21,"column":18}},"6":{"start":{"line":22,"column":0},"end":{"line":22,"column":20}},"7":{"start":{"line":23,"column":0},"end":{"line":23,"column":21}},"8":{"start":{"line":24,"column":0},"end":{"line":24,"column":20}},"9":{"start":{"line":25,"column":0},"end":{"line":25,"column":19}},"10":{"start":{"line":26,"column":0},"end":{"line":26,"column":25}},"11":{"start":{"line":31,"column":0},"end":{"line":38,"column":28}},"12":{"start":{"line":41,"column":0},"end":{"line":41,"column":16}},"13":{"start":{"line":43,"column":0},"end":{"line":43,"column":20}},"14":{"start":{"line":44,"column":0},"end":{"line":44,"column":23}},"15":{"start":{"line":45,"column":0},"end":{"line":45,"column":21}},"16":{"start":{"line":46,"column":0},"end":{"line":46,"column":21}},"17":{"start":{"line":47,"column":0},"end":{"line":47,"column":21}},"18":{"start":{"line":48,"column":0},"end":{"line":48,"column":21}},"19":{"start":{"line":49,"column":0},"end":{"line":49,"column":23}},"20":{"start":{"line":50,"column":0},"end":{"line":50,"column":20}},"21":{"start":{"line":60,"column":0},"end":{"line":62,"column":10}},"22":{"start":{"line":63,"column":0},"end":{"line":66,"column":1}},"23":{"start":{"line":64,"column":2},"end":{"line":64,"column":19}},"24":{"start":{"line":65,"column":2},"end":{"line":65,"column":37}},"25":{"start":{"line":69,"column":0},"end":{"line":71,"column":2}},"26":{"start":{"line":70,"column":2},"end":{"line":70,"column":47}},"27":{"start":{"line":70,"column":26},"end":{"line":70,"column":47}},"28":{"start":{"line":75,"column":0},"end":{"line":100,"column":3}},"29":{"start":{"line":102,"column":0},"end":{"line":104,"column":2}},"30":{"start":{"line":103,"column":2},"end":{"line":103,"column":40}},"31":{"start":{"line":107,"column":0},"end":{"line":121,"column":3}},"32":{"start":{"line":123,"column":0},"end":{"line":137,"column":3}},"33":{"start":{"line":139,"column":0},"end":{"line":141,"column":2}},"34":{"start":{"line":140,"column":2},"end":{"line":140,"column":40}},"35":{"start":{"line":143,"column":0},"end":{"line":157,"column":17}},"36":{"start":{"line":160,"column":0},"end":{"line":160,"column":23}},"37":{"start":{"line":161,"column":0},"end":{"line":161,"column":29}},"38":{"start":{"line":162,"column":0},"end":{"line":162,"column":29}},"39":{"start":{"line":163,"column":0},"end":{"line":163,"column":29}},"40":{"start":{"line":164,"column":0},"end":{"line":164,"column":21}},"41":{"start":{"line":165,"column":0},"end":{"line":165,"column":21}},"42":{"start":{"line":166,"column":0},"end":{"line":166,"column":25}},"43":{"start":{"line":167,"column":0},"end":{"line":167,"column":31}},"44":{"start":{"line":168,"column":0},"end":{"line":168,"column":29}},"45":{"start":{"line":169,"column":0},"end":{"line":169,"column":37}},"46":{"start":{"line":171,"column":0},"end":{"line":171,"column":39}},"47":{"start":{"line":172,"column":0},"end":{"line":172,"column":41}},"48":{"start":{"line":173,"column":0},"end":{"line":173,"column":45}}},"branchMap":{"1":{"line":70,"type":"if","locations":[{"start":{"line":70,"column":2},"end":{"line":70,"column":2}},{"start":{"line":70,"column":2},"end":{"line":70,"column":2}}]},"2":{"line":103,"type":"binary-expr","locations":[{"start":{"line":103,"column":20},"end":{"line":103,"column":35}},{"start":{"line":103,"column":39},"end":{"line":103,"column":40}}]},"3":{"line":140,"type":"binary-expr","locations":[{"start":{"line":140,"column":20},"end":{"line":140,"column":35}},{"start":{"line":140,"column":39},"end":{"line":140,"column":40}}]}},"code":["// field paths that every tar file must have.","// header is padded to 512 bytes.","var f = 0","  , fields = {}","  , path = fields.path = f++","  , mode = fields.mode = f++","  , uid = fields.uid = f++","  , gid = fields.gid = f++","  , size = fields.size = f++","  , mtime = fields.mtime = f++","  , cksum = fields.cksum = f++","  , type = fields.type = f++","  , linkpath = fields.linkpath = f++","  , headerSize = 512","  , blockSize = 512","  , fieldSize = []","","fieldSize[path] = 100","fieldSize[mode] = 8","fieldSize[uid] = 8","fieldSize[gid] = 8","fieldSize[size] = 12","fieldSize[mtime] = 12","fieldSize[cksum] = 8","fieldSize[type] = 1","fieldSize[linkpath] = 100","","// \"ustar\\0\" may introduce another bunch of headers.","// these are optional, and will be nulled out if not present.","","var ustar = fields.ustar = f++","  , ustarver = fields.ustarver = f++","  , uname = fields.uname = f++","  , gname = fields.gname = f++","  , devmaj = fields.devmaj = f++","  , devmin = fields.devmin = f++","  , prefix = fields.prefix = f++","  , fill = fields.fill = f++","","// terminate fields.","fields[f] = null","","fieldSize[ustar] = 6","fieldSize[ustarver] = 2","fieldSize[uname] = 32","fieldSize[gname] = 32","fieldSize[devmaj] = 8","fieldSize[devmin] = 8","fieldSize[prefix] = 155","fieldSize[fill] = 12","","// nb: prefix field may in fact be 130 bytes of prefix,","// a null char, 12 bytes for atime, 12 bytes for ctime.","//","// To recognize this format:","// 1. prefix[130] === ' ' or '\\0'","// 2. atime and ctime are octal numeric values","// 3. atime and ctime have ' ' in their last byte","","var fieldEnds = {}","  , fieldOffs = {}","  , fe = 0","for (var i = 0; i < f; i ++) {","  fieldOffs[i] = fe","  fieldEnds[i] = (fe += fieldSize[i])","}","","// build a translation table of field paths.","Object.keys(fields).forEach(function (f) {","  if (fields[f] !== null) fields[fields[f]] = f","})","","// different values of the 'type' field","// paths match the values of Stats.isX() functions, where appropriate","var types =","  { 0: \"File\"","  , \"\\0\": \"OldFile\" // like 0","  , \"\": \"OldFile\"","  , 1: \"Link\"","  , 2: \"SymbolicLink\"","  , 3: \"CharacterDevice\"","  , 4: \"BlockDevice\"","  , 5: \"Directory\"","  , 6: \"FIFO\"","  , 7: \"ContiguousFile\" // like 0","  // posix headers","  , g: \"GlobalExtendedHeader\" // k=v for the rest of the archive","  , x: \"ExtendedHeader\" // k=v for the next file","  // vendor-specific stuff","  , A: \"SolarisACL\" // skip","  , D: \"GNUDumpDir\" // like 5, but with data, which should be skipped","  , I: \"Inode\" // metadata only, skip","  , K: \"NextFileHasLongLinkpath\" // data = link path of next file","  , L: \"NextFileHasLongPath\" // data = path of next file","  , M: \"ContinuationFile\" // skip","  , N: \"OldGnuLongPath\" // like L","  , S: \"SparseFile\" // skip","  , V: \"TapeVolumeHeader\" // skip","  , X: \"OldExtendedHeader\" // like x","  }","","Object.keys(types).forEach(function (t) {","  types[types[t]] = types[types[t]] || t","})","","// values for the mode field","var modes =","  { suid: 04000 // set uid on extraction","  , sgid: 02000 // set gid on extraction","  , svtx: 01000 // set restricted deletion flag on dirs on extraction","  , uread:  0400","  , uwrite: 0200","  , uexec:  0100","  , gread:  040","  , gwrite: 020","  , gexec:  010","  , oread:  4","  , owrite: 2","  , oexec:  1","  , all: 07777","  }","","var numeric =","  { mode: true","  , uid: true","  , gid: true","  , size: true","  , mtime: true","  , devmaj: true","  , devmin: true","  , cksum: true","  , atime: true","  , ctime: true","  , dev: true","  , ino: true","  , nlink: true","  }","","Object.keys(modes).forEach(function (t) {","  modes[modes[t]] = modes[modes[t]] || t","})","","var knownExtended =","  { atime: true","  , charset: true","  , comment: true","  , ctime: true","  , gid: true","  , gname: true","  , linkpath: true","  , mtime: true","  , path: true","  , realtime: true","  , security: true","  , size: true","  , uid: true","  , uname: true }","","","exports.fields = fields","exports.fieldSize = fieldSize","exports.fieldOffs = fieldOffs","exports.fieldEnds = fieldEnds","exports.types = types","exports.modes = modes","exports.numeric = numeric","exports.headerSize = headerSize","exports.blockSize = blockSize","exports.knownExtended = knownExtended","","exports.Pack = require(\"./lib/pack.js\")","exports.Parse = require(\"./lib/parse.js\")","exports.Extract = require(\"./lib/extract.js\")",""],"l":{"3":1,"18":1,"19":1,"20":1,"21":1,"22":1,"23":1,"24":1,"25":1,"26":1,"31":1,"41":1,"43":1,"44":1,"45":1,"46":1,"47":1,"48":1,"49":1,"50":1,"60":1,"63":1,"64":17,"65":17,"69":1,"70":18,"75":1,"102":1,"103":22,"107":1,"123":1,"139":1,"140":13,"143":1,"160":1,"161":1,"162":1,"163":1,"164":1,"165":1,"166":1,"167":1,"168":1,"169":1,"171":1,"172":1,"173":1}},"/home/travis/build/npmtest/node-npmtest-tar/node_modules/tar/lib/pack.js":{"path":"/home/travis/build/npmtest/node-npmtest-tar/node_modules/tar/lib/pack.js","s":{"1":1,"2":1,"3":1,"4":512,"5":1,"6":1,"7":0,"8":0,"9":0,"10":0,"11":0,"12":0,"13":0,"14":0,"15":0,"16":0,"17":0,"18":0,"19":0,"20":0,"21":0,"22":0,"23":0,"24":0,"25":0,"26":0,"27":1,"28":0,"29":0,"30":0,"31":0,"32":0,"33":0,"34":1,"35":0,"36":0,"37":0,"38":0,"39":0,"40":0,"41":0,"42":0,"43":0,"44":1,"45":0,"46":0,"47":0,"48":0,"49":1,"50":0,"51":0,"52":0,"53":0,"54":0,"55":1,"56":0,"57":0,"58":0,"59":1,"60":0,"61":0,"62":0,"63":0,"64":0,"65":0,"66":0,"67":0,"68":0,"69":0,"70":0,"71":0,"72":0,"73":0,"74":0,"75":0,"76":0,"77":0,"78":0,"79":0,"80":0,"81":0,"82":0,"83":0,"84":0,"85":0,"86":0,"87":0,"88":0,"89":0,"90":0,"91":0,"92":0,"93":0,"94":0,"95":0,"96":0,"97":0,"98":0,"99":0,"100":0,"101":0,"102":0,"103":0,"104":0,"105":0,"106":0,"107":0,"108":0,"109":0,"110":0,"111":0,"112":0,"113":0,"114":0,"115":0,"116":0,"117":1,"118":0,"119":0,"120":0,"121":0,"122":0,"123":0,"124":0,"125":0,"126":0,"127":0,"128":0,"129":1,"130":1},"b":{"1":[0,0],"2":[0,0],"3":[0,0],"4":[0,0],"5":[0,0],"6":[0,0],"7":[0,0],"8":[0,0],"9":[0,0],"10":[0,0],"11":[0,0],"12":[0,0],"13":[0,0],"14":[0,0],"15":[0,0],"16":[0,0],"17":[0,0],"18":[0,0,0,0],"19":[0,0],"20":[0,0],"21":[0,0],"22":[0,0],"23":[0,0],"24":[0,0,0,0],"25":[0,0],"26":[0,0],"27":[0,0],"28":[0,0],"29":[0,0]},"f":{"1":0,"2":0,"3":0,"4":0,"5":0,"6":0,"7":0,"8":0,"9":0,"10":0,"11":0,"12":0,"13":0,"14":0,"15":0,"16":0,"17":0,"18":0,"19":0},"fnMap":{"1":{"name":"Pack","line":18,"loc":{"start":{"line":18,"column":0},"end":{"line":18,"column":22}}},"2":{"name":"(anonymous_2)","line":36,"loc":{"start":{"line":36,"column":16},"end":{"line":36,"column":31}}},"3":{"name":"(anonymous_3)","line":39,"loc":{"start":{"line":39,"column":18},"end":{"line":39,"column":30}}},"4":{"name":"(anonymous_4)","line":46,"loc":{"start":{"line":46,"column":27},"end":{"line":46,"column":44}}},"5":{"name":"(anonymous_5)","line":53,"loc":{"start":{"line":53,"column":16},"end":{"line":53,"column":29}}},"6":{"name":"(anonymous_6)","line":59,"loc":{"start":{"line":59,"column":21},"end":{"line":59,"column":39}}},"7":{"name":"(anonymous_7)","line":71,"loc":{"start":{"line":71,"column":23},"end":{"line":71,"column":35}}},"8":{"name":"(anonymous_8)","line":77,"loc":{"start":{"line":77,"column":24},"end":{"line":77,"column":36}}},"9":{"name":"(anonymous_9)","line":84,"loc":{"start":{"line":84,"column":21},"end":{"line":84,"column":33}}},"10":{"name":"(anonymous_10)","line":90,"loc":{"start":{"line":90,"column":26},"end":{"line":90,"column":38}}},"11":{"name":"(anonymous_11)","line":108,"loc":{"start":{"line":108,"column":22},"end":{"line":108,"column":34}}},"12":{"name":"(anonymous_12)","line":142,"loc":{"start":{"line":142,"column":41},"end":{"line":142,"column":54}}},"13":{"name":"(anonymous_13)","line":195,"loc":{"start":{"line":195,"column":20},"end":{"line":195,"column":33}}},"14":{"name":"(anonymous_14)","line":199,"loc":{"start":{"line":199,"column":22},"end":{"line":199,"column":34}}},"15":{"name":"(anonymous_15)","line":200,"loc":{"start":{"line":200,"column":30},"end":{"line":200,"column":42}}},"16":{"name":"nextEntry","line":209,"loc":{"start":{"line":209,"column":2},"end":{"line":209,"column":24}}},"17":{"name":"(anonymous_17)","line":220,"loc":{"start":{"line":220,"column":21},"end":{"line":220,"column":35}}},"18":{"name":"(anonymous_18)","line":235,"loc":{"start":{"line":235,"column":25},"end":{"line":235,"column":37}}},"19":{"name":"(anonymous_19)","line":236,"loc":{"start":{"line":236,"column":23},"end":{"line":236,"column":35}}}},"statementMap":{"1":{"start":{"line":4,"column":0},"end":{"line":4,"column":21}},"2":{"start":{"line":6,"column":0},"end":{"line":12,"column":25}},"3":{"start":{"line":14,"column":0},"end":{"line":14,"column":41}},"4":{"start":{"line":14,"column":31},"end":{"line":14,"column":41}},"5":{"start":{"line":16,"column":0},"end":{"line":16,"column":22}},"6":{"start":{"line":18,"column":0},"end":{"line":44,"column":1}},"7":{"start":{"line":20,"column":2},"end":{"line":20,"column":15}},"8":{"start":{"line":21,"column":2},"end":{"line":21,"column":51}},"9":{"start":{"line":21,"column":29},"end":{"line":21,"column":51}},"10":{"start":{"line":23,"column":2},"end":{"line":24,"column":32}},"11":{"start":{"line":23,"column":13},"end":{"line":23,"column":52}},"12":{"start":{"line":24,"column":7},"end":{"line":24,"column":32}},"13":{"start":{"line":26,"column":2},"end":{"line":26,"column":20}},"14":{"start":{"line":28,"column":2},"end":{"line":28,"column":20}},"15":{"start":{"line":29,"column":2},"end":{"line":29,"column":20}},"16":{"start":{"line":30,"column":2},"end":{"line":30,"column":17}},"17":{"start":{"line":32,"column":2},"end":{"line":32,"column":25}},"18":{"start":{"line":33,"column":2},"end":{"line":33,"column":24}},"19":{"start":{"line":35,"column":2},"end":{"line":35,"column":21}},"20":{"start":{"line":36,"column":2},"end":{"line":43,"column":4}},"21":{"start":{"line":37,"column":4},"end":{"line":37,"column":41}},"22":{"start":{"line":37,"column":35},"end":{"line":37,"column":41}},"23":{"start":{"line":38,"column":4},"end":{"line":38,"column":22}},"24":{"start":{"line":39,"column":4},"end":{"line":41,"column":6}},"25":{"start":{"line":40,"column":6},"end":{"line":40,"column":25}},"26":{"start":{"line":42,"column":4},"end":{"line":42,"column":15}},"27":{"start":{"line":46,"column":0},"end":{"line":57,"column":1}},"28":{"start":{"line":48,"column":2},"end":{"line":48,"column":29}},"29":{"start":{"line":48,"column":23},"end":{"line":48,"column":29}},"30":{"start":{"line":49,"column":2},"end":{"line":49,"column":24}},"31":{"start":{"line":51,"column":2},"end":{"line":51,"column":15}},"32":{"start":{"line":52,"column":2},"end":{"line":56,"column":10}},"33":{"start":{"line":54,"column":6},"end":{"line":54,"column":24}},"34":{"start":{"line":59,"column":0},"end":{"line":69,"column":1}},"35":{"start":{"line":60,"column":2},"end":{"line":60,"column":68}},"36":{"start":{"line":60,"column":40},"end":{"line":60,"column":68}},"37":{"start":{"line":62,"column":2},"end":{"line":62,"column":72}},"38":{"start":{"line":62,"column":19},"end":{"line":62,"column":72}},"39":{"start":{"line":64,"column":2},"end":{"line":64,"column":17}},"40":{"start":{"line":65,"column":2},"end":{"line":65,"column":27}},"41":{"start":{"line":66,"column":2},"end":{"line":66,"column":17}},"42":{"start":{"line":67,"column":2},"end":{"line":67,"column":43}},"43":{"start":{"line":68,"column":2},"end":{"line":68,"column":25}},"44":{"start":{"line":71,"column":0},"end":{"line":75,"column":1}},"45":{"start":{"line":72,"column":2},"end":{"line":72,"column":21}},"46":{"start":{"line":73,"column":2},"end":{"line":73,"column":52}},"47":{"start":{"line":73,"column":26},"end":{"line":73,"column":52}},"48":{"start":{"line":74,"column":2},"end":{"line":74,"column":20}},"49":{"start":{"line":77,"column":0},"end":{"line":82,"column":1}},"50":{"start":{"line":78,"column":2},"end":{"line":78,"column":22}},"51":{"start":{"line":79,"column":2},"end":{"line":79,"column":53}},"52":{"start":{"line":79,"column":26},"end":{"line":79,"column":53}},"53":{"start":{"line":80,"column":2},"end":{"line":80,"column":21}},"54":{"start":{"line":81,"column":2},"end":{"line":81,"column":17}},"55":{"start":{"line":84,"column":0},"end":{"line":88,"column":1}},"56":{"start":{"line":85,"column":2},"end":{"line":85,"column":20}},"57":{"start":{"line":86,"column":2},"end":{"line":86,"column":24}},"58":{"start":{"line":87,"column":2},"end":{"line":87,"column":17}},"59":{"start":{"line":90,"column":0},"end":{"line":233,"column":1}},"60":{"start":{"line":91,"column":2},"end":{"line":91,"column":15}},"61":{"start":{"line":92,"column":2},"end":{"line":94,"column":3}},"62":{"start":{"line":93,"column":4},"end":{"line":93,"column":10}},"63":{"start":{"line":96,"column":2},"end":{"line":96,"column":32}},"64":{"start":{"line":98,"column":2},"end":{"line":103,"column":3}},"65":{"start":{"line":99,"column":4},"end":{"line":101,"column":5}},"66":{"start":{"line":100,"column":6},"end":{"line":100,"column":22}},"67":{"start":{"line":102,"column":4},"end":{"line":102,"column":10}},"68":{"start":{"line":105,"column":2},"end":{"line":113,"column":3}},"69":{"start":{"line":107,"column":4},"end":{"line":107,"column":29}},"70":{"start":{"line":108,"column":4},"end":{"line":111,"column":6}},"71":{"start":{"line":110,"column":6},"end":{"line":110,"column":19}},"72":{"start":{"line":112,"column":4},"end":{"line":112,"column":10}},"73":{"start":{"line":115,"column":2},"end":{"line":115,"column":23}},"74":{"start":{"line":117,"column":2},"end":{"line":124,"column":3}},"75":{"start":{"line":119,"column":4},"end":{"line":119,"column":24}},"76":{"start":{"line":120,"column":4},"end":{"line":120,"column":24}},"77":{"start":{"line":121,"column":4},"end":{"line":121,"column":18}},"78":{"start":{"line":122,"column":4},"end":{"line":122,"column":20}},"79":{"start":{"line":123,"column":4},"end":{"line":123,"column":10}},"80":{"start":{"line":134,"column":2},"end":{"line":134,"column":54}},"81":{"start":{"line":135,"column":2},"end":{"line":138,"column":3}},"82":{"start":{"line":137,"column":4},"end":{"line":137,"column":27}},"83":{"start":{"line":140,"column":2},"end":{"line":140,"column":17}},"84":{"start":{"line":142,"column":2},"end":{"line":144,"column":4}},"85":{"start":{"line":143,"column":4},"end":{"line":143,"column":30}},"86":{"start":{"line":146,"column":2},"end":{"line":146,"column":52}},"87":{"start":{"line":146,"column":25},"end":{"line":146,"column":52}},"88":{"start":{"line":148,"column":2},"end":{"line":148,"column":53}},"89":{"start":{"line":151,"column":2},"end":{"line":153,"column":3}},"90":{"start":{"line":152,"column":4},"end":{"line":152,"column":49}},"91":{"start":{"line":155,"column":2},"end":{"line":156,"column":29}},"92":{"start":{"line":156,"column":4},"end":{"line":156,"column":29}},"93":{"start":{"line":158,"column":2},"end":{"line":179,"column":3}},"94":{"start":{"line":161,"column":6},"end":{"line":161,"column":12}},"95":{"start":{"line":164,"column":6},"end":{"line":164,"column":24}},"96":{"start":{"line":165,"column":6},"end":{"line":165,"column":21}},"97":{"start":{"line":166,"column":6},"end":{"line":166,"column":11}},"98":{"start":{"line":169,"column":6},"end":{"line":169,"column":69}},"99":{"start":{"line":170,"column":6},"end":{"line":170,"column":54}},"100":{"start":{"line":171,"column":6},"end":{"line":171,"column":21}},"101":{"start":{"line":172,"column":6},"end":{"line":172,"column":11}},"102":{"start":{"line":175,"column":6},"end":{"line":175,"column":69}},"103":{"start":{"line":176,"column":6},"end":{"line":176,"column":74}},"104":{"start":{"line":177,"column":6},"end":{"line":177,"column":21}},"105":{"start":{"line":178,"column":6},"end":{"line":178,"column":11}},"106":{"start":{"line":187,"column":2},"end":{"line":187,"column":53}},"107":{"start":{"line":189,"column":2},"end":{"line":189,"column":20}},"108":{"start":{"line":195,"column":2},"end":{"line":197,"column":4}},"109":{"start":{"line":196,"column":4},"end":{"line":196,"column":22}},"110":{"start":{"line":199,"column":2},"end":{"line":205,"column":4}},"111":{"start":{"line":200,"column":4},"end":{"line":202,"column":5}},"112":{"start":{"line":201,"column":6},"end":{"line":201,"column":50}},"113":{"start":{"line":204,"column":4},"end":{"line":204,"column":44}},"114":{"start":{"line":204,"column":33},"end":{"line":204,"column":44}},"115":{"start":{"line":206,"column":2},"end":{"line":206,"column":31}},"116":{"start":{"line":208,"column":2},"end":{"line":208,"column":19}},"117":{"start":{"line":209,"column":2},"end":{"line":218,"column":3}},"118":{"start":{"line":210,"column":4},"end":{"line":210,"column":21}},"119":{"start":{"line":210,"column":15},"end":{"line":210,"column":21}},"120":{"start":{"line":211,"column":4},"end":{"line":211,"column":16}},"121":{"start":{"line":215,"column":4},"end":{"line":215,"column":27}},"122":{"start":{"line":216,"column":4},"end":{"line":216,"column":26}},"123":{"start":{"line":217,"column":4},"end":{"line":217,"column":17}},"124":{"start":{"line":220,"column":2},"end":{"line":223,"column":4}},"125":{"start":{"line":222,"column":4},"end":{"line":222,"column":24}},"126":{"start":{"line":227,"column":2},"end":{"line":230,"column":3}},"127":{"start":{"line":229,"column":4},"end":{"line":229,"column":21}},"128":{"start":{"line":232,"column":2},"end":{"line":232,"column":20}},"129":{"start":{"line":235,"column":0},"end":{"line":235,"column":39}},"130":{"start":{"line":236,"column":0},"end":{"line":236,"column":37}}},"branchMap":{"1":{"line":21,"type":"if","locations":[{"start":{"line":21,"column":2},"end":{"line":21,"column":2}},{"start":{"line":21,"column":2},"end":{"line":21,"column":2}}]},"2":{"line":23,"type":"if","locations":[{"start":{"line":23,"column":2},"end":{"line":23,"column":2}},{"start":{"line":23,"column":2},"end":{"line":23,"column":2}}]},"3":{"line":37,"type":"if","locations":[{"start":{"line":37,"column":4},"end":{"line":37,"column":4}},{"start":{"line":37,"column":4},"end":{"line":37,"column":4}}]},"4":{"line":48,"type":"if","locations":[{"start":{"line":48,"column":2},"end":{"line":48,"column":2}},{"start":{"line":48,"column":2},"end":{"line":48,"column":2}}]},"5":{"line":60,"type":"if","locations":[{"start":{"line":60,"column":2},"end":{"line":60,"column":2}},{"start":{"line":60,"column":2},"end":{"line":60,"column":2}}]},"6":{"line":60,"type":"binary-expr","locations":[{"start":{"line":60,"column":6},"end":{"line":60,"column":18}},{"start":{"line":60,"column":22},"end":{"line":60,"column":38}}]},"7":{"line":62,"type":"if","locations":[{"start":{"line":62,"column":2},"end":{"line":62,"column":2}},{"start":{"line":62,"column":2},"end":{"line":62,"column":2}}]},"8":{"line":73,"type":"if","locations":[{"start":{"line":73,"column":2},"end":{"line":73,"column":2}},{"start":{"line":73,"column":2},"end":{"line":73,"column":2}}]},"9":{"line":79,"type":"if","locations":[{"start":{"line":79,"column":2},"end":{"line":79,"column":2}},{"start":{"line":79,"column":2},"end":{"line":79,"column":2}}]},"10":{"line":92,"type":"if","locations":[{"start":{"line":92,"column":2},"end":{"line":92,"column":2}},{"start":{"line":92,"column":2},"end":{"line":92,"column":2}}]},"11":{"line":92,"type":"binary-expr","locations":[{"start":{"line":92,"column":6},"end":{"line":92,"column":16}},{"start":{"line":92,"column":20},"end":{"line":92,"column":34}}]},"12":{"line":98,"type":"if","locations":[{"start":{"line":98,"column":2},"end":{"line":98,"column":2}},{"start":{"line":98,"column":2},"end":{"line":98,"column":2}}]},"13":{"line":99,"type":"if","locations":[{"start":{"line":99,"column":4},"end":{"line":99,"column":4}},{"start":{"line":99,"column":4},"end":{"line":99,"column":4}}]},"14":{"line":105,"type":"if","locations":[{"start":{"line":105,"column":2},"end":{"line":105,"column":2}},{"start":{"line":105,"column":2},"end":{"line":105,"column":2}}]},"15":{"line":117,"type":"if","locations":[{"start":{"line":117,"column":2},"end":{"line":117,"column":2}},{"start":{"line":117,"column":2},"end":{"line":117,"column":2}}]},"16":{"line":134,"type":"binary-expr","locations":[{"start":{"line":134,"column":27},"end":{"line":134,"column":37}},{"start":{"line":134,"column":41},"end":{"line":134,"column":46}}]},"17":{"line":135,"type":"if","locations":[{"start":{"line":135,"column":2},"end":{"line":135,"column":2}},{"start":{"line":135,"column":2},"end":{"line":135,"column":2}}]},"18":{"line":135,"type":"binary-expr","locations":[{"start":{"line":135,"column":6},"end":{"line":135,"column":16}},{"start":{"line":135,"column":20},"end":{"line":135,"column":39}},{"start":{"line":135,"column":43},"end":{"line":135,"column":53}},{"start":{"line":135,"column":57},"end":{"line":135,"column":72}}]},"19":{"line":142,"type":"binary-expr","locations":[{"start":{"line":142,"column":14},"end":{"line":142,"column":25}},{"start":{"line":142,"column":29},"end":{"line":142,"column":31}}]},"20":{"line":146,"type":"if","locations":[{"start":{"line":146,"column":2},"end":{"line":146,"column":2}},{"start":{"line":146,"column":2},"end":{"line":146,"column":2}}]},"21":{"line":148,"type":"binary-expr","locations":[{"start":{"line":148,"column":36},"end":{"line":148,"column":46}},{"start":{"line":148,"column":50},"end":{"line":148,"column":52}}]},"22":{"line":151,"type":"if","locations":[{"start":{"line":151,"column":2},"end":{"line":151,"column":2}},{"start":{"line":151,"column":2},"end":{"line":151,"column":2}}]},"23":{"line":155,"type":"if","locations":[{"start":{"line":155,"column":2},"end":{"line":155,"column":2}},{"start":{"line":155,"column":2},"end":{"line":155,"column":2}}]},"24":{"line":158,"type":"switch","locations":[{"start":{"line":160,"column":4},"end":{"line":161,"column":12}},{"start":{"line":163,"column":4},"end":{"line":166,"column":11}},{"start":{"line":168,"column":4},"end":{"line":172,"column":11}},{"start":{"line":174,"column":4},"end":{"line":178,"column":11}}]},"25":{"line":170,"type":"binary-expr","locations":[{"start":{"line":170,"column":24},"end":{"line":170,"column":47}},{"start":{"line":170,"column":51},"end":{"line":170,"column":54}}]},"26":{"line":176,"type":"binary-expr","locations":[{"start":{"line":176,"column":24},"end":{"line":176,"column":67}},{"start":{"line":176,"column":71},"end":{"line":176,"column":74}}]},"27":{"line":204,"type":"if","locations":[{"start":{"line":204,"column":4},"end":{"line":204,"column":4}},{"start":{"line":204,"column":4},"end":{"line":204,"column":4}}]},"28":{"line":210,"type":"if","locations":[{"start":{"line":210,"column":4},"end":{"line":210,"column":4}},{"start":{"line":210,"column":4},"end":{"line":210,"column":4}}]},"29":{"line":227,"type":"if","locations":[{"start":{"line":227,"column":2},"end":{"line":227,"column":2}},{"start":{"line":227,"column":2},"end":{"line":227,"column":2}}]}},"code":["// pipe in an fstream, and it'll make a tarball.","// key-value pair argument is global extended header props.","","module.exports = Pack","","var EntryWriter = require(\"./entry-writer.js\")","  , Stream = require(\"stream\").Stream","  , path = require(\"path\")","  , inherits = require(\"inherits\")","  , GlobalHeaderWriter = require(\"./global-header-writer.js\")","  , collect = require(\"fstream\").collect","  , eof = new Buffer(512)","","for (var i = 0; i < 512; i ++) eof[i] = 0","","inherits(Pack, Stream)","","function Pack (props) {","  // console.error(\"-- p ctor\")","  var me = this","  if (!(me instanceof Pack)) return new Pack(props)","","  if (props) me._noProprietary = props.noProprietary","  else me._noProprietary = false","","  me._global = props","","  me.readable = true","  me.writable = true","  me._buffer = []","  // console.error(\"-- -- set current to null in ctor\")","  me._currentEntry = null","  me._processing = false","","  me._pipeRoot = null","  me.on(\"pipe\", function (src) {","    if (src.root === me._pipeRoot) return","    me._pipeRoot = src","    src.on(\"end\", function () {","      me._pipeRoot = null","    })","    me.add(src)","  })","}","","Pack.prototype.addGlobal = function (props) {","  // console.error(\"-- p addGlobal\")","  if (this._didGlobal) return","  this._didGlobal = true","","  var me = this","  GlobalHeaderWriter(props)","    .on(\"data\", function (c) {","      me.emit(\"data\", c)","    })","    .end()","}","","Pack.prototype.add = function (stream) {","  if (this._global && !this._didGlobal) this.addGlobal(this._global)","","  if (this._ended) return this.emit(\"error\", new Error(\"add after end\"))","","  collect(stream)","  this._buffer.push(stream)","  this._process()","  this._needDrain = this._buffer.length > 0","  return !this._needDrain","}","","Pack.prototype.pause = function () {","  this._paused = true","  if (this._currentEntry) this._currentEntry.pause()","  this.emit(\"pause\")","}","","Pack.prototype.resume = function () {","  this._paused = false","  if (this._currentEntry) this._currentEntry.resume()","  this.emit(\"resume\")","  this._process()","}","","Pack.prototype.end = function () {","  this._ended = true","  this._buffer.push(eof)","  this._process()","}","","Pack.prototype._process = function () {","  var me = this","  if (me._paused || me._processing) {","    return","  }","","  var entry = me._buffer.shift()","","  if (!entry) {","    if
[...]
umn":33}},"25":{"start":{"line":64,"column":2},"end":{"line":130,"column":3}},"26":{"start":{"line":69,"column":4},"end":{"line":69,"column":16}},"27":{"start":{"line":71,"column":4},"end":{"line":74,"column":5}},"28":{"start":{"line":72,"column":6},"end":{"line":72,"column":53}},"29":{"start":{"line":73,"column":6},"end":{"line":73,"column":12}},"30":{"start":{"line":76,"column":4},"end":{"line":129,"column":5}},"31":{"start":{"line":77,"column":16},"end":{"line":77,"column":22}},"32":{"start":{"line":81,"column":8},"end":{"line":87,"column":9}},"33":{"start":{"line":82,"column":10},"end":{"line":82,"column":27}},"34":{"start":{"line":84,"column":10},"end":{"line":84,"column":73}},"35":{"start":{"line":85,"column":10},"end":{"line":85,"column":34}},"36":{"start":{"line":86,"column":10},"end":{"line":86,"column":18}},"37":{"start":{"line":88,"column":8},"end":{"line":91,"column":9}},"38":{"start":{"line":89,"column":10},"end":{"line":89,"column":68}},"39":{"start":{"line":90,"column":10},"end":{"line":90,"column":16}},"40":{"start":{"line":92,"column":8},"end":{"line":92,"column":29}},"41":{"start":{"line":93,"column":8},"end":{"line":93,"column":16}},"42":{"start":{"line":97,"column":8},"end":{"line":103,"column":9}},"43":{"start":{"line":98,"column":10},"end":{"line":98,"column":27}},"44":{"start":{"line":99,"column":10},"end":{"line":99,"column":57}},"45":{"start":{"line":100,"column":10},"end":{"line":100,"column":66}},"46":{"start":{"line":100,"column":35},"end":{"line":100,"column":66}},"47":{"start":{"line":101,"column":10},"end":{"line":101,"column":33}},"48":{"start":{"line":102,"column":10},"end":{"line":102,"column":18}},"49":{"start":{"line":104,"column":8},"end":{"line":104,"column":28}},"50":{"start":{"line":105,"column":8},"end":{"line":105,"column":16}},"51":{"start":{"line":109,"column":8},"end":{"line":126,"column":9}},"52":{"start":{"line":111,"column":10},"end":{"line":114,"column":11}},"53":{"start":{"line":112,"column":12},"end":{"line":112,"column":55}},"54":{"start":{"line":113,"column":12},"end":{"line":113,"column":18}},"55":{"start":{"line":115,"column":10},"end":{"line":115,"column":55}},"56":{"start":{"line":116,"column":10},"end":{"line":118,"column":11}},"57":{"start":{"line":117,"column":12},"end":{"line":117,"column":33}},"58":{"start":{"line":119,"column":10},"end":{"line":119,"column":38}},"59":{"start":{"line":121,"column":10},"end":{"line":121,"column":33}},"60":{"start":{"line":122,"column":10},"end":{"line":122,"column":28}},"61":{"start":{"line":123,"column":10},"end":{"line":123,"column":25}},"62":{"start":{"line":124,"column":10},"end":{"line":124,"column":29}},"63":{"start":{"line":125,"column":10},"end":{"line":125,"column":18}},"64":{"start":{"line":127,"column":8},"end":{"line":127,"column":28}},"65":{"start":{"line":128,"column":8},"end":{"line":128,"column":16}},"66":{"start":{"line":133,"column":0},"end":{"line":140,"column":1}},"67":{"start":{"line":134,"column":2},"end":{"line":136,"column":42}},"68":{"start":{"line":138,"column":2},"end":{"line":138,"column":15}},"69":{"start":{"line":139,"column":2},"end":{"line":139,"column":16}}},"branchMap":{"1":{"line":62,"type":"if","locations":[{"start":{"line":62,"column":2},"end":{"line":62,"column":2}},{"start":{"line":62,"column":2},"end":{"line":62,"column":2}}]},"2":{"line":71,"type":"if","locations":[{"start":{"line":71,"column":4},"end":{"line":71,"column":4}},{"start":{"line":71,"column":4},"end":{"line":71,"column":4}}]},"3":{"line":71,"type":"binary-expr","locations":[{"start":{"line":71,"column":8},"end":{"line":71,"column":23}},{"start":{"line":71,"column":27},"end":{"line":71,"column":54}}]},"4":{"line":76,"type":"switch","locations":[{"start":{"line":77,"column":6},"end":{"line":77,"column":22}},{"start":{"line":79,"column":6},"end":{"line":93,"column":16}},{"start":{"line":95,"column":6},"end":{"line":105,"column":16}},{"start":{"line":107,"column":6},"end":{"line":128,"column":16}}]},"5":{"line":81,"type":"if","locations":[{"start":{"line":81,"column":8},"end":{"line":81,"column":8}},{"start":{"line":81,"column":8},"end":{"line":81,"column":8}}]},"6":{"line":88,"type":"if","locations":[{"start":{"line":88,"column":8},"end":{"line":88,"column":8}},{"start":{"line":88,"column":8},"end":{"line":88,"column":8}}]},"7":{"line":88,"type":"binary-expr","locations":[{"start":{"line":88,"column":12},"end":{"line":88,"column":18}},{"start":{"line":88,"column":22},"end":{"line":88,"column":28}}]},"8":{"line":97,"type":"if","locations":[{"start":{"line":97,"column":8},"end":{"line":97,"column":8}},{"start":{"line":97,"column":8},"end":{"line":97,"column":8}}]},"9":{"line":100,"type":"if","locations":[{"start":{"line":100,"column":10},"end":{"line":100,"column":10}},{"start":{"line":100,"column":10},"end":{"line":100,"column":10}}]},"10":{"line":109,"type":"if","locations":[{"start":{"line":109,"column":8},"end":{"line":109,"column":8}},{"start":{"line":109,"column":8},"end":{"line":109,"column":8}}]},"11":{"line":111,"type":"if","locations":[{"start":{"line":111,"column":10},"end":{"line":111,"column":10}},{"start":{"line":111,"column":10},"end":{"line":111,"column":10}}]},"12":{"line":116,"type":"if","locations":[{"start":{"line":116,"column":10},"end":{"line":116,"column":10}},{"start":{"line":116,"column":10},"end":{"line":116,"column":10}}]}},"code":["// An Entry consisting of:","//","// \"%d %s=%s\\n\", <length>, <keyword>, <value>","//","// The length is a decimal number, and includes itself and the \\n","// \\0 does not terminate anything.  Only the length terminates the string.","// Numeric values are decimal strings.","","module.exports = ExtendedHeader","","var Entry = require(\"./entry.js\")","  , inherits = require(\"inherits\")","  , tar = require(\"../tar.js\")","  , numeric = tar.numeric","  , keyTrans = { \"SCHILY.dev\": \"dev\"","               , \"SCHILY.ino\": \"ino\"","               , \"SCHILY.nlink\": \"nlink\" }","","function ExtendedHeader () {","  Entry.apply(this, arguments)","  this.on(\"data\", this._parse)","  this.fields = {}","  this._position = 0","  this._fieldPos = 0","  this._state = SIZE","  this._sizeBuf = []","  this._keyBuf = []","  this._valBuf = []","  this._size = -1","  this._key = \"\"","}","","inherits(ExtendedHeader, Entry)","ExtendedHeader.prototype._parse = parse","","var s = 0","  , states = ExtendedHeader.states = {}","  , SIZE = states.SIZE = s++","  , KEY  = states.KEY  = s++","  , VAL  = states.VAL  = s++","  , ERR  = states.ERR  = s++","","Object.keys(states).forEach(function (s) {","  states[states[s]] = states[s]","})","","states[s] = null","","// char code values for comparison","var _0 = \"0\".charCodeAt(0)","  , _9 = \"9\".charCodeAt(0)","  , point = \".\".charCodeAt(0)","  , a = \"a\".charCodeAt(0)","  , Z = \"Z\".charCodeAt(0)","  , a = \"a\".charCodeAt(0)","  , z = \"z\".charCodeAt(0)","  , space = \" \".charCodeAt(0)","  , eq = \"=\".charCodeAt(0)","  , cr = \"\\n\".charCodeAt(0)","","function parse (c) {","  if (this._state === ERR) return","","  for ( var i = 0, l = c.length","      ; i < l","      ; this._position++, this._fieldPos++, i++) {","    // console.error(\"top of loop, size=\"+this._size)","","    var b = c[i]","","    if (this._size >= 0 && this._fieldPos > this._size) {","      error(this, \"field exceeds length=\"+this._size)","      return","    }","","    switch (this._state) {","      case ERR: return","","      case SIZE:","        // console.error(\"parsing size, b=%d, rest=%j\", b, c.slice(i).toString())","        if (b === space) {","          this._state = KEY","          // this._fieldPos = this._sizeBuf.length","          this._size = parseInt(new Buffer(this._sizeBuf).toString(), 10)","          this._sizeBuf.length = 0","          continue","        }","        if (b < _0 || b > _9) {","          error(this, \"expected [\" + _0 + \"..\" + _9 + \"], got \" + b)","          return","        }","        this._sizeBuf.push(b)","        continue","","      case KEY:","        // can be any char except =, not > size.","        if (b === eq) {","          this._state = VAL","          this._key = new Buffer(this._keyBuf).toString()","          if (keyTrans[this._key]) this._key = keyTrans[this._key]","          this._keyBuf.length = 0","          continue","        }","        this._keyBuf.push(b)","        continue","","      case VAL:","        // field must end with cr","        if (this._fieldPos === this._size - 1) {","          // console.error(\"finished with \"+this._key)","          if (b !== cr) {","            error(this, \"expected \\\\n at end of field\")","            return","          }","          var val = new Buffer(this._valBuf).toString()","          if (numeric[this._key]) {","            val = parseFloat(val)","          }","          this.fields[this._key] = val","","          this._valBuf.length = 0","          this._state = SIZE","          this._size = -1","          this._fieldPos = -1","          continue","        }","        this._valBuf.push(b)","        continue","    }","  }","}","","function error (me, msg) {","  msg = \"invalid header: \" + msg","      + \"\\nposition=\" + me._position","      + \"\\nfield position=\" + me._fieldPos","","  me.error(msg)","  me.state = ERR","}",""],"l":{"9":1,"11":1,"19":1,"20":0,"21":0,"22":0,"23":0,"24":0,"25":0,"26":0,"27":0,"28":0,"29":0,"30":0,"33":1,"34":1,"36":1,"43":1,"44":4,"47":1,"50":1,"61":1,"62":0,"64":0,"69":0,"71":0,"72":0,"73":0,"76":0,"77":0,"81":0,"82":0,"84":0,"85":0,"86":0,"88":0,"89":0,"90":0,"92":0,"93":0,"97":0,"98":0,"99":0,"100":0,"101":0,"102":0,"104":0,"105":0,"109":0,"111":0,"112":0,"113":0,"115":0,"116":0,"117":0,"119":0,"121":0,"122":0,"123":0,"124":0,"125":0,"127":0,"128":0,"133":1,"134":0,"138":0,"139":0}},"/home/travis/build/npmtest/node-npmtest-tar/node_modules/tar/lib/extract.js":{"path":"/home/travis/build/npmtest/node-npmtest-tar/node_modules/tar/lib/extract.js","s":{"1":1,"2":1,"3":1,"4":0,"5":0,"6":0,"7":0,"8":0,"9":0,"10":0,"11":0,"12":0,"13":0,"14":0,"15":0,"16":0,"17":0,"18":0,"19":0,"20":0,"21":0,"22":0,"23":0,"24":0,"25":0,"26":0,"27":0,"28":0,"29":0,"30":0,"31":0,"32":0,"33":0,"34":0,"35":0,"36":0,"37":0,"38":0,"39":0,"40":0,"41":0,"42":0,"43":0,"44":0,"45":1,"46":1,"47":0,"48":0,"49":0,"50":0},"b":{"1":[0,0],"2":[0,0],"3":[0,0],"4":[0,0],"5":[0,0],"6":[0,0],"7":[0,0],"8":[0,0],"9":[0,0],"10":[0,0],"11":[0,0],"12":[0,0],"13":[0,0]},"f":{"1":0,"2":0,"3":0,"4":0,"5":0,"6":0,"7":0},"fnMap":{"1":{"name":"Extract","line":10,"loc":{"start":{"line":10,"column":0},"end":{"line":10,"column":24}}},"2":{"name":"(anonymous_2)","line":35,"loc":{"start":{"line":35,"column":17},"end":{"line":35,"column":34}}},"3":{"name":"(anonymous_3)","line":62,"loc":{"start":{"line":62,"column":24},"end":{"line":62,"column":36}}},"4":{"name":"(anonymous_4)","line":67,"loc":{"start":{"line":67,"column":24},"end":{"line":67,"column":38}}},"5":{"name":"(anonymous_5)","line":71,"loc":{"start":{"line":71,"column":24},"end":{"line":71,"column":35}}},"6":{"name":"(anonymous_6)","line":79,"loc":{"start":{"line":79,"column":24},"end":{"line":79,"column":36}}},"7":{"name":"(anonymous_7)","line":89,"loc":{"start":{"line":89,"column":31},"end":{"line":89,"column":43}}}},"statementMap":{"1":{"start":{"line":3,"column":0},"end":{"line":3,"column":24}},"2":{"start":{"line":5,"column":0},"end":{"line":8,"column":26}},"3":{"start":{"line":10,"column":0},"end":{"line":85,"column":1}},"4":{"start":{"line":11,"column":2},"end":{"line":11,"column":58}},"5":{"start":{"line":11,"column":34},"end":{"line":11,"column":58}},"6":{"start":{"line":12,"column":2},"end":{"line":12,"column":23}},"7":{"start":{"line":14,"column":2},"end":{"line":16,"column":3}},"8":{"start":{"line":15,"column":4},"end":{"line":15,"column":25}},"9":{"start":{"line":19,"column":2},"end":{"line":19,"column":59}},"10":{"start":{"line":20,"column":2},"end":{"line":20,"column":25}},"11":{"start":{"line":21,"column":2},"end":{"line":21,"column":23}},"12":{"start":{"line":24,"column":2},"end":{"line":24,"column":26}},"13":{"start":{"line":25,"column":2},"end":{"line":25,"column":52}},"14":{"start":{"line":25,"column":38},"end":{"line":25,"column":52}},"15":{"start":{"line":27,"column":2},"end":{"line":27,"column":34}},"16":{"start":{"line":29,"column":2},"end":{"line":29,"column":14}},"17":{"start":{"line":30,"column":2},"end":{"line":30,"column":15}},"18":{"start":{"line":35,"column":2},"end":{"line":60,"column":4}},"19":{"start":{"line":38,"column":4},"end":{"line":45,"column":5}},"20":{"start":{"line":39,"column":6},"end":{"line":39,"column":63}},"21":{"start":{"line":40,"column":6},"end":{"line":40,"column":39}},"22":{"start":{"line":41,"column":6},"end":{"line":44,"column":7}},"23":{"start":{"line":42,"column":8},"end":{"line":42,"column":70}},"24":{"start":{"line":43,"column":8},"end":{"line":43,"column":50}},"25":{"start":{"line":46,"column":4},"end":{"line":49,"column":5}},"26":{"start":{"line":47,"column":6},"end":{"line":48,"column":66}},"27":{"start":{"line":51,"column":4},"end":{"line":59,"column":5}},"28":{"start":{"line":52,"column":6},"end":{"line":52,"column":45}},"29":{"start":{"line":53,"column":6},"end":{"line":53,"column":41}},"30":{"start":{"line":54,"column":6},"end":{"line":54,"column":56}},"31":{"start":{"line":55,"column":6},"end":{"line":57,"column":7}},"32":{"start":{"line":56,"column":8},"end":{"line":56,"column":65}},"33":{"start":{"line":58,"column":6},"end":{"line":58,"column":54}},"34":{"start":{"line":62,"column":2},"end":{"line":65,"column":4}},"35":{"start":{"line":63,"column":4},"end":{"line":63,"column":36}},"36":{"start":{"line":64,"column":4},"end":{"line":64,"column":15}},"37":{"start":{"line":67,"column":2},"end":{"line":69,"column":4}},"38":{"start":{"line":68,"column":4},"end":{"line":68,"column":25}},"39":{"start":{"line":71,"column":2},"end":{"line":73,"column":4}},"40":{"start":{"line":72,"column":4},"end":{"line":72,"column":20}},"41":{"start":{"line":79,"column":2},"end":{"line":84,"column":4}},"42":{"start":{"line":81,"column":4},"end":{"line":81,"column":21}},"43":{"start":{"line":82,"column":4},"end":{"line":82,"column":18}},"44":{"start":{"line":83,"column":4},"end":{"line":83,"column":20}},"45":{"start":{"line":87,"column":0},"end":{"line":87,"column":28}},"46":{"start":{"line":89,"column":0},"end":{"line":94,"column":1}},"47":{"start":{"line":90,"column":2},"end":{"line":90,"column":15}},"48":{"start":{"line":91,"column":2},"end":{"line":91,"column":57}},"49":{"start":{"line":91,"column":31},"end":{"line":91,"column":57}},"50":{"start":{"line":92,"column":2},"end":{"line":92,"column":15}}},"branchMap":{"1":{"line":11,"type":"if","locations":[{"start":{"line":11,"column":2},"end":{"line":11,"column":2}},{"start":{"line":11,"column":2},"end":{"line":11,"column":2}}]},"2":{"line":14,"type":"if","locations":[{"start":{"line":14,"column":2},"end":{"line":14,"column":2}},{"start":{"line":14,"column":2},"end":{"line":14,"column":2}}]},"3":{"line":19,"type":"binary-expr","locations":[{"start":{"line":19,"column":14},"end":{"line":19,"column":23}},{"start":{"line":19,"column":27},"end":{"line":19,"column":59}}]},"4":{"line":25,"type":"if","locations":[{"start":{"line":25,"column":2},"end":{"line":25,"column":2}},{"start":{"line":25,"column":2},"end":{"line":25,"column":2}}]},"5":{"line":25,"type":"binary-expr","locations":[{"start":{"line":25,"column":6},"end":{"line":25,"column":17}},{"start":{"line":25,"column":21},"end":{"line":25,"column":36}}]},"6":{"line":38,"type":"if","locations":[{"start":{"line":38,"column":4},"end":{"line":38,"column":4}},{"start":{"line":38,"column":4},"end":{"line":38,"column":4}}]},"7":{"line":41,"type":"if","locations":[{"start":{"line":41,"column":6},"end":{"line":41,"column":6}},{"start":{"line":41,"column":6},"end":{"line":41,"column":6}}]},"8":{"line":46,"type":"if","locations":[{"start":{"line":46,"column":4},"end":{"line":46,"column":4}},{"start":{"line":46,"column":4},"end":{"line":46,"column":4}}]},"9":{"line":51,"type":"if","locations":[{"start":{"line":51,"column":4},"end":{"line":51,"column":4}},{"start":{"line":51,"column":4},"end":{"line":51,"column":4}}]},"10":{"line":52,"type":"binary-expr","locations":[{"start":{"line":52,"column":15},"end":{"line":52,"column":39}},{"start":{"line":52,"column":43},"end":{"line":52,"column":45}}]},"11":{"line":55,"type":"if","locations":[{"start":{"line":55,"column":6},"end":{"line":55,"column":6}},{"start":{"line":55,"column":6},"end":{"line":55,"column":6}}]},"12":{"line":91,"type":"if","locations":[{"start":{"line":91,"column":2},"end":{"line":91,"column":2}},{"start":{"line":91,"column":2},"end":{"line":91,"column":2}}]},"13":{"line":91,"type":"binary-expr","locations":[{"start":{"line":91,"column":6},"end":{"line":91,"column":16}},{"start":{"line":91,"column":20},"end":{"line":91,"column":29}}]}},"code":["// give it a tarball and a path, and it'll dump the contents","","module.exports = Extract","","var tar = require(\"../tar.js\")","  , fstream = require(\"fstream\")","  , inherits = require(\"inherits\")","  , path = require(\"path\")","","function Extract (opts) {","  if (!(this instanceof Extract)) return new Extract(opts)","  tar.Parse.apply(this)","","  if (typeof opts !== \"object\") {","    opts = { path: opts }","  }","","  // better to drop in cwd? seems more standard.","  opts.path = opts.path || path.resolve(\"node-tar-extract\")","  opts.type = \"Directory\"","  opts.Directory = true","","  // similar to --strip or --strip-components","  opts.strip = +opts.strip","  if (!opts.strip || opts.strip <= 0) opts.strip = 0","","  this._fst = fstream.Writer(opts)","","  this.pause()","  var me = this","","  // Hardlinks in tarballs are relative to the root","  // of the tarball.  So, they need to be resolved against","  // the target directory in order to be created properly.","  me.on(\"entry\", function (entry) {","    // if there's a \"strip\" argument, then strip off that many","    // path components.","    if (opts.strip) {","      var p = entry.path.split(\"/\").slice(opts.strip).join(\"/\")","      entry.path = entry.props.path = p","      if (entry.linkpath) {","        var lp = entry.linkpath.split(\"/\").slice(opts.strip).join(\"/\")","        entry.linkpath = entry.props.linkpath = lp","      }","    }","    if (entry.type === \"Link\") {","      entry.linkpath = entry.props.linkpath =","        path.join(opts.path, path.join(\"/\", entry.props.linkpath))","    }","","    if (entry.type === \"SymbolicLink\") {","      var dn = path.dirname(entry.path) || \"\"","      var linkpath = entry.props.linkpath","      var target = path.resolve(opts.path, dn, linkpath)","      if (target.indexOf(opts.path) !== 0) {","        linkpath = path.join(opts.path, path.join(\"/\", linkpath))","      }","      entry.linkpath = entry.props.linkpath = linkpath","    }","  })","","  this._fst.on(\"ready\", function () {","    me.pipe(me._fst, { end: false })","    me.resume()","  })","","  this._fst.on('error', function(err) {","    me.emit('error', err)","  })","","  this._fst.on('drain', function() {","    me.emit('drain')","  })","","  // this._fst.on(\"end\", function () {","  //   console.error(\"\\nEEEE Extract End\", me._fst.path)","  // })","","  this._fst.on(\"close\", function () {","    // console.error(\"\\nEEEE Extract End\", me._fst.path)","    me.emit(\"finish\")","    me.emit(\"end\")","    me.emit(\"close\")","  })","}","","inherits(Extract, tar.Parse)","","Extract.prototype._streamEnd = function () {","  var me = this","  if (!me._ended || me._entry) me.error(\"unexpected eof\")","  me._fst.end()","  // my .end() is coming later.","}",""],"l":{"3":1,"5":1,"10":1,"11":0,"12":0,"14":0,"15":0,"19":0,"20":0,"21":0,"24":0,"25":0,"27":0,"29":0,"30":0,"35":0,"38":0,"39":0,"40":0,"41":0,"42":0,"43":0,"46":0,"47":0,"51":0,"52":0,"53":0,"54":0,"55":0,"56":0,"58":0,"62":0,"63":0,"64":0,"67":0,"68":0,"71":0,"72":0,"79":0,"81":0,"82":0,"83":0,"87":1,"89":1,"90":0,"91":0,"92":0}}}